{"/home/deissh/work/satek/rfwrapper/lib/index.js":{"path":"/home/deissh/work/satek/rfwrapper/lib/index.js","s":{"1":1,"2":1,"3":1,"4":1,"5":1,"6":1,"7":1,"8":1,"9":1,"10":1,"11":1,"12":1,"13":1,"14":1,"15":6,"16":6,"17":6,"18":4,"19":2,"20":2,"21":2,"22":2,"23":8,"24":8,"25":8,"26":8,"27":36,"28":36,"29":36,"30":1,"31":0,"32":3,"33":1,"34":1,"35":1},"b":{"1":[4,2],"2":[6,4],"3":[2,0],"4":[2,2]},"f":{"1":1,"2":6,"3":8,"4":36,"5":0,"6":3,"7":1},"fnMap":{"1":{"name":"(anonymous_1)","line":29,"loc":{"start":{"line":29,"column":0},"end":{"line":29,"column":12}}},"2":{"name":"rfwrapper","line":34,"loc":{"start":{"line":34,"column":2},"end":{"line":34,"column":31}}},"3":{"name":"(anonymous_3)","line":58,"loc":{"start":{"line":58,"column":41},"end":{"line":58,"column":57}}},"4":{"name":"(anonymous_4)","line":66,"loc":{"start":{"line":66,"column":37},"end":{"line":66,"column":54}}},"5":{"name":"map","line":79,"loc":{"start":{"line":79,"column":11},"end":{"line":79,"column":31}}},"6":{"name":"node","line":84,"loc":{"start":{"line":84,"column":11},"end":{"line":84,"column":33}}},"7":{"name":"get","line":89,"loc":{"start":{"line":89,"column":9},"end":{"line":89,"column":24}}}},"statementMap":{"1":{"start":{"line":3,"column":0},"end":{"line":3,"column":85}},"2":{"start":{"line":5,"column":0},"end":{"line":7,"column":3}},"3":{"start":{"line":8,"column":0},"end":{"line":8,"column":23}},"4":{"start":{"line":10,"column":0},"end":{"line":10,"column":94}},"5":{"start":{"line":12,"column":0},"end":{"line":12,"column":96}},"6":{"start":{"line":14,"column":0},"end":{"line":14,"column":90}},"7":{"start":{"line":16,"column":0},"end":{"line":16,"column":52}},"8":{"start":{"line":18,"column":0},"end":{"line":18,"column":66}},"9":{"start":{"line":20,"column":0},"end":{"line":20,"column":52}},"10":{"start":{"line":22,"column":0},"end":{"line":22,"column":54}},"11":{"start":{"line":24,"column":0},"end":{"line":24,"column":15}},"12":{"start":{"line":25,"column":0},"end":{"line":25,"column":22}},"13":{"start":{"line":27,"column":0},"end":{"line":94,"column":4}},"14":{"start":{"line":34,"column":2},"end":{"line":75,"column":3}},"15":{"start":{"line":35,"column":4},"end":{"line":35,"column":21}},"16":{"start":{"line":37,"column":4},"end":{"line":37,"column":51}},"17":{"start":{"line":39,"column":4},"end":{"line":41,"column":5}},"18":{"start":{"line":40,"column":6},"end":{"line":40,"column":68}},"19":{"start":{"line":44,"column":4},"end":{"line":44,"column":45}},"20":{"start":{"line":45,"column":4},"end":{"line":45,"column":19}},"21":{"start":{"line":46,"column":4},"end":{"line":57,"column":6}},"22":{"start":{"line":58,"column":4},"end":{"line":74,"column":7}},"23":{"start":{"line":59,"column":6},"end":{"line":61,"column":28}},"24":{"start":{"line":63,"column":6},"end":{"line":63,"column":27}},"25":{"start":{"line":65,"column":6},"end":{"line":65,"column":22}},"26":{"start":{"line":66,"column":6},"end":{"line":73,"column":9}},"27":{"start":{"line":67,"column":8},"end":{"line":69,"column":28}},"28":{"start":{"line":71,"column":8},"end":{"line":71,"column":44}},"29":{"start":{"line":72,"column":8},"end":{"line":72,"column":49}},"30":{"start":{"line":77,"column":2},"end":{"line":92,"column":6}},"31":{"start":{"line":80,"column":6},"end":{"line":80,"column":53}},"32":{"start":{"line":85,"column":6},"end":{"line":85,"column":55}},"33":{"start":{"line":90,"column":6},"end":{"line":90,"column":27}},"34":{"start":{"line":93,"column":2},"end":{"line":93,"column":19}},"35":{"start":{"line":96,"column":0},"end":{"line":96,"column":27}}},"branchMap":{"1":{"line":39,"type":"if","locations":[{"start":{"line":39,"column":4},"end":{"line":39,"column":4}},{"start":{"line":39,"column":4},"end":{"line":39,"column":4}}]},"2":{"line":39,"type":"binary-expr","locations":[{"start":{"line":39,"column":8},"end":{"line":39,"column":22}},{"start":{"line":39,"column":26},"end":{"line":39,"column":44}}]},"3":{"line":52,"type":"binary-expr","locations":[{"start":{"line":52,"column":17},"end":{"line":52,"column":30}},{"start":{"line":52,"column":34},"end":{"line":52,"column":63}}]},"4":{"line":55,"type":"binary-expr","locations":[{"start":{"line":55,"column":19},"end":{"line":55,"column":39}},{"start":{"line":55,"column":43},"end":{"line":55,"column":47}}]}}},"/home/deissh/work/satek/rfwrapper/lib/api/index.js":{"path":"/home/deissh/work/satek/rfwrapper/lib/api/index.js","s":{"1":1,"2":1,"3":1,"4":1,"5":1,"6":1,"7":1,"8":1,"9":1},"b":{},"f":{},"fnMap":{},"statementMap":{"1":{"start":{"line":3,"column":0},"end":{"line":3,"column":87}},"2":{"start":{"line":5,"column":0},"end":{"line":7,"column":3}},"3":{"start":{"line":8,"column":0},"end":{"line":8,"column":25}},"4":{"start":{"line":10,"column":0},"end":{"line":10,"column":54}},"5":{"start":{"line":12,"column":0},"end":{"line":12,"column":54}},"6":{"start":{"line":14,"column":0},"end":{"line":14,"column":52}},"7":{"start":{"line":16,"column":0},"end":{"line":16,"column":58}},"8":{"start":{"line":19,"column":0},"end":{"line":24,"column":2}},"9":{"start":{"line":25,"column":0},"end":{"line":25,"column":27}}},"branchMap":{}},"/home/deissh/work/satek/rfwrapper/lib/api/user.js":{"path":"/home/deissh/work/satek/rfwrapper/lib/api/user.js","s":{"1":1,"2":1,"3":1,"4":1,"5":1,"6":1,"7":1,"8":0,"9":1,"10":0,"11":0,"12":0,"13":0,"14":0,"15":0,"16":0,"17":0,"18":0,"19":0,"20":0,"21":0,"22":0,"23":0,"24":0,"25":0,"26":0,"27":0,"28":0},"b":{"1":[0,0,0,0,0,0],"2":[0,0],"3":[0,0],"4":[0,0]},"f":{"1":0,"2":0,"3":0,"4":0},"fnMap":{"1":{"name":"get","line":22,"loc":{"start":{"line":22,"column":0},"end":{"line":22,"column":15}}},"2":{"name":"_get","line":26,"loc":{"start":{"line":26,"column":0},"end":{"line":26,"column":16}}},"3":{"name":"_callee","line":29,"loc":{"start":{"line":29,"column":28},"end":{"line":29,"column":47}}},"4":{"name":"_callee$","line":35,"loc":{"start":{"line":35,"column":37},"end":{"line":35,"column":65}}}},"statementMap":{"1":{"start":{"line":3,"column":0},"end":{"line":3,"column":85}},"2":{"start":{"line":5,"column":0},"end":{"line":7,"column":3}},"3":{"start":{"line":8,"column":0},"end":{"line":8,"column":18}},"4":{"start":{"line":10,"column":0},"end":{"line":10,"column":81}},"5":{"start":{"line":12,"column":0},"end":{"line":12,"column":100}},"6":{"start":{"line":14,"column":0},"end":{"line":14,"column":54}},"7":{"start":{"line":22,"column":0},"end":{"line":24,"column":1}},"8":{"start":{"line":23,"column":2},"end":{"line":23,"column":37}},"9":{"start":{"line":26,"column":0},"end":{"line":69,"column":1}},"10":{"start":{"line":27,"column":2},"end":{"line":67,"column":6}},"11":{"start":{"line":30,"column":4},"end":{"line":33,"column":26}},"12":{"start":{"line":35,"column":4},"end":{"line":66,"column":22}},"13":{"start":{"line":36,"column":6},"end":{"line":65,"column":7}},"14":{"start":{"line":37,"column":8},"end":{"line":64,"column":9}},"15":{"start":{"line":39,"column":12},"end":{"line":39,"column":84}},"16":{"start":{"line":41,"column":12},"end":{"line":44,"column":13}},"17":{"start":{"line":42,"column":14},"end":{"line":42,"column":32}},"18":{"start":{"line":43,"column":14},"end":{"line":43,"column":20}},"19":{"start":{"line":46,"column":12},"end":{"line":46,"column":30}},"20":{"start":{"line":47,"column":12},"end":{"line":47,"column":74}},"21":{"start":{"line":50,"column":12},"end":{"line":50,"column":33}},"22":{"start":{"line":51,"column":12},"end":{"line":51,"column":56}},"23":{"start":{"line":54,"column":12},"end":{"line":54,"column":30}},"24":{"start":{"line":55,"column":12},"end":{"line":55,"column":90}},"25":{"start":{"line":58,"column":12},"end":{"line":58,"column":32}},"26":{"start":{"line":59,"column":12},"end":{"line":59,"column":55}},"27":{"start":{"line":63,"column":12},"end":{"line":63,"column":35}},"28":{"start":{"line":68,"column":2},"end":{"line":68,"column":37}}},"branchMap":{"1":{"line":37,"type":"switch","locations":[{"start":{"line":38,"column":10},"end":{"line":47,"column":74}},{"start":{"line":49,"column":10},"end":{"line":51,"column":56}},{"start":{"line":53,"column":10},"end":{"line":55,"column":90}},{"start":{"line":57,"column":10},"end":{"line":59,"column":55}},{"start":{"line":61,"column":10},"end":{"line":61,"column":18}},{"start":{"line":62,"column":10},"end":{"line":63,"column":35}}]},"2":{"line":39,"type":"cond-expr","locations":[{"start":{"line":39,"column":66},"end":{"line":39,"column":74}},{"start":{"line":39,"column":77},"end":{"line":39,"column":83}}]},"3":{"line":39,"type":"binary-expr","locations":[{"start":{"line":39,"column":21},"end":{"line":39,"column":37}},{"start":{"line":39,"column":41},"end":{"line":39,"column":63}}]},"4":{"line":41,"type":"if","locations":[{"start":{"line":41,"column":12},"end":{"line":41,"column":12}},{"start":{"line":41,"column":12},"end":{"line":41,"column":12}}]}}},"/home/deissh/work/satek/rfwrapper/lib/api/node.js":{"path":"/home/deissh/work/satek/rfwrapper/lib/api/node.js","s":{"1":1,"2":1,"3":1,"4":1,"5":1,"6":1,"7":1,"8":1,"9":1,"10":0,"11":1,"12":0,"13":0,"14":0,"15":0,"16":0,"17":0,"18":0,"19":0,"20":0,"21":0,"22":0,"23":1,"24":0,"25":1,"26":0,"27":0,"28":0,"29":0,"30":0,"31":0,"32":0,"33":0,"34":0,"35":0,"36":0,"37":0},"b":{"1":[0,0,0,0],"2":[0,0,0,0],"3":[0,0],"4":[0,0]},"f":{"1":0,"2":0,"3":0,"4":0,"5":0,"6":0,"7":0,"8":0},"fnMap":{"1":{"name":"get","line":25,"loc":{"start":{"line":25,"column":0},"end":{"line":25,"column":17}}},"2":{"name":"_get","line":38,"loc":{"start":{"line":38,"column":0},"end":{"line":38,"column":16}}},"3":{"name":"_callee","line":41,"loc":{"start":{"line":41,"column":28},"end":{"line":41,"column":53}}},"4":{"name":"_callee$","line":43,"loc":{"start":{"line":43,"column":37},"end":{"line":43,"column":65}}},"5":{"name":"create","line":64,"loc":{"start":{"line":64,"column":0},"end":{"line":64,"column":31}}},"6":{"name":"_create","line":68,"loc":{"start":{"line":68,"column":0},"end":{"line":68,"column":19}}},"7":{"name":"_callee2","line":71,"loc":{"start":{"line":71,"column":28},"end":{"line":71,"column":68}}},"8":{"name":"_callee2$","line":74,"loc":{"start":{"line":74,"column":37},"end":{"line":74,"column":67}}}},"statementMap":{"1":{"start":{"line":3,"column":0},"end":{"line":3,"column":85}},"2":{"start":{"line":5,"column":0},"end":{"line":7,"column":3}},"3":{"start":{"line":8,"column":0},"end":{"line":8,"column":18}},"4":{"start":{"line":9,"column":0},"end":{"line":9,"column":24}},"5":{"start":{"line":11,"column":0},"end":{"line":11,"column":92}},"6":{"start":{"line":13,"column":0},"end":{"line":13,"column":81}},"7":{"start":{"line":15,"column":0},"end":{"line":15,"column":100}},"8":{"start":{"line":17,"column":0},"end":{"line":17,"column":54}},"9":{"start":{"line":25,"column":0},"end":{"line":27,"column":1}},"10":{"start":{"line":26,"column":2},"end":{"line":26,"column":37}},"11":{"start":{"line":38,"column":0},"end":{"line":62,"column":1}},"12":{"start":{"line":39,"column":2},"end":{"line":60,"column":6}},"13":{"start":{"line":42,"column":4},"end":{"line":42,"column":12}},"14":{"start":{"line":43,"column":4},"end":{"line":59,"column":22}},"15":{"start":{"line":44,"column":6},"end":{"line":58,"column":7}},"16":{"start":{"line":45,"column":8},"end":{"line":57,"column":9}},"17":{"start":{"line":47,"column":12},"end":{"line":47,"column":30}},"18":{"start":{"line":48,"column":12},"end":{"line":48,"column":91}},"19":{"start":{"line":51,"column":12},"end":{"line":51,"column":32}},"20":{"start":{"line":52,"column":12},"end":{"line":52,"column":55}},"21":{"start":{"line":56,"column":12},"end":{"line":56,"column":35}},"22":{"start":{"line":61,"column":2},"end":{"line":61,"column":37}},"23":{"start":{"line":64,"column":0},"end":{"line":66,"column":1}},"24":{"start":{"line":65,"column":2},"end":{"line":65,"column":40}},"25":{"start":{"line":68,"column":0},"end":{"line":103,"column":1}},"26":{"start":{"line":69,"column":2},"end":{"line":101,"column":6}},"27":{"start":{"line":72,"column":4},"end":{"line":72,"column":66}},"28":{"start":{"line":74,"column":4},"end":{"line":100,"column":23}},"29":{"start":{"line":75,"column":6},"end":{"line":99,"column":7}},"30":{"start":{"line":76,"column":8},"end":{"line":98,"column":9}},"31":{"start":{"line":78,"column":12},"end":{"line":78,"column":207}},"32":{"start":{"line":79,"column":12},"end":{"line":79,"column":31}},"33":{"start":{"line":80,"column":12},"end":{"line":89,"column":38}},"34":{"start":{"line":92,"column":12},"end":{"line":92,"column":33}},"35":{"start":{"line":93,"column":12},"end":{"line":93,"column":56}},"36":{"start":{"line":97,"column":12},"end":{"line":97,"column":36}},"37":{"start":{"line":102,"column":2},"end":{"line":102,"column":40}}},"branchMap":{"1":{"line":45,"type":"switch","locations":[{"start":{"line":46,"column":10},"end":{"line":48,"column":91}},{"start":{"line":50,"column":10},"end":{"line":52,"column":55}},{"start":{"line":54,"column":10},"end":{"line":54,"column":17}},{"start":{"line":55,"column":10},"end":{"line":56,"column":35}}]},"2":{"line":76,"type":"switch","locations":[{"start":{"line":77,"column":10},"end":{"line":89,"column":38}},{"start":{"line":91,"column":10},"end":{"line":93,"column":56}},{"start":{"line":95,"column":10},"end":{"line":95,"column":17}},{"start":{"line":96,"column":10},"end":{"line":97,"column":36}}]},"3":{"line":78,"type":"cond-expr","locations":[{"start":{"line":78,"column":81},"end":{"line":78,"column":91}},{"start":{"line":78,"column":94},"end":{"line":78,"column":107}}]},"4":{"line":78,"type":"cond-expr","locations":[{"start":{"line":78,"column":186},"end":{"line":78,"column":188}},{"start":{"line":78,"column":191},"end":{"line":78,"column":206}}]}}},"/home/deissh/work/satek/rfwrapper/lib/api/map.js":{"path":"/home/deissh/work/satek/rfwrapper/lib/api/map.js","s":{"1":1,"2":1,"3":1,"4":1,"5":1,"6":1,"7":1,"8":1,"9":1,"10":1,"11":1,"12":1,"13":0,"14":1,"15":0,"16":0,"17":0,"18":0,"19":0,"20":0,"21":0,"22":0,"23":0,"24":0,"25":0,"26":1,"27":0,"28":1,"29":0,"30":0,"31":0,"32":0,"33":0,"34":0,"35":0,"36":0,"37":0,"38":0,"39":0,"40":1,"41":0,"42":1,"43":0,"44":0,"45":0,"46":0,"47":0,"48":0,"49":0,"50":0,"51":0,"52":0,"53":0,"54":0,"55":0,"56":0,"57":0,"58":0,"59":0,"60":0,"61":0,"62":0,"63":1,"64":0,"65":1,"66":0,"67":0,"68":0,"69":0,"70":0,"71":0,"72":0,"73":0,"74":0,"75":0,"76":0,"77":1,"78":0,"79":1,"80":0,"81":0,"82":0,"83":0,"84":0,"85":0,"86":0,"87":0,"88":0,"89":0,"90":0,"91":0,"92":1,"93":0,"94":1,"95":0,"96":0,"97":0,"98":0,"99":0,"100":0,"101":0,"102":0,"103":0,"104":0,"105":0},"b":{"1":[0,0,0,0],"2":[0,0,0,0],"3":[0,0,0,0,0,0],"4":[0,0],"5":[0,0],"6":[0,0],"7":[0,0],"8":[0,0],"9":[0,0,0,0],"10":[0,0,0,0],"11":[0,0],"12":[0,0],"13":[0,0,0,0]},"f":{"1":0,"2":0,"3":0,"4":0,"5":0,"6":0,"7":0,"8":0,"9":0,"10":0,"11":0,"12":0,"13":0,"14":0,"15":0,"16":0,"17":0,"18":0,"19":0,"20":0,"21":0,"22":0,"23":0,"24":0},"fnMap":{"1":{"name":"get","line":26,"loc":{"start":{"line":26,"column":0},"end":{"line":26,"column":17}}},"2":{"name":"_get","line":36,"loc":{"start":{"line":36,"column":0},"end":{"line":36,"column":16}}},"3":{"name":"_callee","line":39,"loc":{"start":{"line":39,"column":28},"end":{"line":39,"column":52}}},"4":{"name":"_callee$","line":41,"loc":{"start":{"line":41,"column":37},"end":{"line":41,"column":65}}},"5":{"name":"getTypes","line":62,"loc":{"start":{"line":62,"column":0},"end":{"line":62,"column":23}}},"6":{"name":"_getTypes","line":75,"loc":{"start":{"line":75,"column":0},"end":{"line":75,"column":21}}},"7":{"name":"_callee2","line":78,"loc":{"start":{"line":78,"column":28},"end":{"line":78,"column":53}}},"8":{"name":"_callee2$","line":80,"loc":{"start":{"line":80,"column":37},"end":{"line":80,"column":67}}},"9":{"name":"getTree","line":101,"loc":{"start":{"line":101,"column":0},"end":{"line":101,"column":22}}},"10":{"name":"_getTree","line":112,"loc":{"start":{"line":112,"column":0},"end":{"line":112,"column":20}}},"11":{"name":"_callee3","line":115,"loc":{"start":{"line":115,"column":28},"end":{"line":115,"column":53}}},"12":{"name":"_callee3$","line":122,"loc":{"start":{"line":122,"column":37},"end":{"line":122,"column":67}}},"13":{"name":"requestAccess","line":159,"loc":{"start":{"line":159,"column":0},"end":{"line":159,"column":28}}},"14":{"name":"_requestAccess","line":171,"loc":{"start":{"line":171,"column":0},"end":{"line":171,"column":26}}},"15":{"name":"_callee4","line":174,"loc":{"start":{"line":174,"column":28},"end":{"line":174,"column":53}}},"16":{"name":"_callee4$","line":176,"loc":{"start":{"line":176,"column":37},"end":{"line":176,"column":67}}},"17":{"name":"create","line":197,"loc":{"start":{"line":197,"column":0},"end":{"line":197,"column":18}}},"18":{"name":"_create","line":208,"loc":{"start":{"line":208,"column":0},"end":{"line":208,"column":19}}},"19":{"name":"_callee5","line":211,"loc":{"start":{"line":211,"column":28},"end":{"line":211,"column":48}}},"20":{"name":"_callee5$","line":215,"loc":{"start":{"line":215,"column":37},"end":{"line":215,"column":67}}},"21":{"name":"users","line":239,"loc":{"start":{"line":239,"column":0},"end":{"line":239,"column":20}}},"22":{"name":"_users","line":243,"loc":{"start":{"line":243,"column":0},"end":{"line":243,"column":18}}},"23":{"name":"_callee6","line":246,"loc":{"start":{"line":246,"column":28},"end":{"line":246,"column":53}}},"24":{"name":"_callee6$","line":248,"loc":{"start":{"line":248,"column":37},"end":{"line":248,"column":67}}}},"statementMap":{"1":{"start":{"line":3,"column":0},"end":{"line":3,"column":85}},"2":{"start":{"line":5,"column":0},"end":{"line":7,"column":3}},"3":{"start":{"line":8,"column":0},"end":{"line":8,"column":18}},"4":{"start":{"line":9,"column":0},"end":{"line":9,"column":28}},"5":{"start":{"line":10,"column":0},"end":{"line":10,"column":26}},"6":{"start":{"line":11,"column":0},"end":{"line":11,"column":38}},"7":{"start":{"line":12,"column":0},"end":{"line":12,"column":24}},"8":{"start":{"line":13,"column":0},"end":{"line":13,"column":22}},"9":{"start":{"line":15,"column":0},"end":{"line":15,"column":81}},"10":{"start":{"line":17,"column":0},"end":{"line":17,"column":100}},"11":{"start":{"line":19,"column":0},"end":{"line":19,"column":54}},"12":{"start":{"line":26,"column":0},"end":{"line":28,"column":1}},"13":{"start":{"line":27,"column":2},"end":{"line":27,"column":37}},"14":{"start":{"line":36,"column":0},"end":{"line":60,"column":1}},"15":{"start":{"line":37,"column":2},"end":{"line":58,"column":6}},"16":{"start":{"line":40,"column":4},"end":{"line":40,"column":12}},"17":{"start":{"line":41,"column":4},"end":{"line":57,"column":22}},"18":{"start":{"line":42,"column":6},"end":{"line":56,"column":7}},"19":{"start":{"line":43,"column":8},"end":{"line":55,"column":9}},"20":{"start":{"line":45,"column":12},"end":{"line":45,"column":30}},"21":{"start":{"line":46,"column":12},"end":{"line":46,"column":89}},"22":{"start":{"line":49,"column":12},"end":{"line":49,"column":32}},"23":{"start":{"line":50,"column":12},"end":{"line":50,"column":55}},"24":{"start":{"line":54,"column":12},"end":{"line":54,"column":35}},"25":{"start":{"line":59,"column":2},"end":{"line":59,"column":37}},"26":{"start":{"line":62,"column":0},"end":{"line":64,"column":1}},"27":{"start":{"line":63,"column":2},"end":{"line":63,"column":42}},"28":{"start":{"line":75,"column":0},"end":{"line":99,"column":1}},"29":{"start":{"line":76,"column":2},"end":{"line":97,"column":6}},"30":{"start":{"line":79,"column":4},"end":{"line":79,"column":12}},"31":{"start":{"line":80,"column":4},"end":{"line":96,"column":23}},"32":{"start":{"line":81,"column":6},"end":{"line":95,"column":7}},"33":{"start":{"line":82,"column":8},"end":{"line":94,"column":9}},"34":{"start":{"line":84,"column":12},"end":{"line":84,"column":31}},"35":{"start":{"line":85,"column":12},"end":{"line":85,"column":104}},"36":{"start":{"line":88,"column":12},"end":{"line":88,"column":33}},"37":{"start":{"line":89,"column":12},"end":{"line":89,"column":56}},"38":{"start":{"line":93,"column":12},"end":{"line":93,"column":36}},"39":{"start":{"line":98,"column":2},"end":{"line":98,"column":42}},"40":{"start":{"line":101,"column":0},"end":{"line":103,"column":1}},"41":{"start":{"line":102,"column":2},"end":{"line":102,"column":41}},"42":{"start":{"line":112,"column":0},"end":{"line":157,"column":1}},"43":{"start":{"line":113,"column":2},"end":{"line":155,"column":6}},"44":{"start":{"line":116,"column":4},"end":{"line":120,"column":27}},"45":{"start":{"line":122,"column":4},"end":{"line":154,"column":23}},"46":{"start":{"line":123,"column":6},"end":{"line":153,"column":7}},"47":{"start":{"line":124,"column":8},"end":{"line":152,"column":9}},"48":{"start":{"line":126,"column":12},"end":{"line":126,"column":83}},"49":{"start":{"line":127,"column":12},"end":{"line":127,"column":87}},"50":{"start":{"line":129,"column":12},"end":{"line":132,"column":13}},"51":{"start":{"line":130,"column":14},"end":{"line":130,"column":33}},"52":{"start":{"line":131,"column":14},"end":{"line":131,"column":20}},"53":{"start":{"line":134,"column":12},"end":{"line":134,"column":31}},"54":{"start":{"line":135,"column":12},"end":{"line":135,"column":132}},"55":{"start":{"line":138,"column":12},"end":{"line":138,"column":34}},"56":{"start":{"line":139,"column":12},"end":{"line":139,"column":57}},"57":{"start":{"line":142,"column":12},"end":{"line":142,"column":31}},"58":{"start":{"line":143,"column":12},"end":{"line":143,"column":115}},"59":{"start":{"line":146,"column":12},"end":{"line":146,"column":33}},"60":{"start":{"line":147,"column":12},"end":{"line":147,"column":56}},"61":{"start":{"line":151,"column":12},"end":{"line":151,"column":36}},"62":{"start":{"line":156,"column":2},"end":{"line":156,"column":41}},"63":{"start":{"line":159,"column":0},"end":{"line":161,"column":1}},"64":{"start":{"line":160,"column":2},"end":{"line":160,"column":47}},"65":{"start":{"line":171,"column":0},"end":{"line":195,"column":1}},"66":{"start":{"line":172,"column":2},"end":{"line":193,"column":6}},"67":{"start":{"line":175,"column":4},"end":{"line":175,"column":12}},"68":{"start":{"line":176,"column":4},"end":{"line":192,"column":23}},"69":{"start":{"line":177,"column":6},"end":{"line":191,"column":7}},"70":{"start":{"line":178,"column":8},"end":{"line":190,"column":9}},"71":{"start":{"line":180,"column":12},"end":{"line":180,"column":31}},"72":{"start":{"line":181,"column":12},"end":{"line":181,"column":108}},"73":{"start":{"line":184,"column":12},"end":{"line":184,"column":33}},"74":{"start":{"line":185,"column":12},"end":{"line":185,"column":56}},"75":{"start":{"line":189,"column":12},"end":{"line":189,"column":36}},"76":{"start":{"line":194,"column":2},"end":{"line":194,"column":47}},"77":{"start":{"line":197,"column":0},"end":{"line":199,"column":1}},"78":{"start":{"line":198,"column":2},"end":{"line":198,"column":40}},"79":{"start":{"line":208,"column":0},"end":{"line":237,"column":1}},"80":{"start":{"line":209,"column":2},"end":{"line":235,"column":6}},"81":{"start":{"line":212,"column":4},"end":{"line":214,"column":27}},"82":{"start":{"line":215,"column":4},"end":{"line":234,"column":23}},"83":{"start":{"line":216,"column":6},"end":{"line":233,"column":7}},"84":{"start":{"line":217,"column":8},"end":{"line":232,"column":9}},"85":{"start":{"line":219,"column":12},"end":{"line":219,"column":88}},"86":{"start":{"line":220,"column":12},"end":{"line":220,"column":31}},"87":{"start":{"line":221,"column":12},"end":{"line":223,"column":37}},"88":{"start":{"line":226,"column":12},"end":{"line":226,"column":33}},"89":{"start":{"line":227,"column":12},"end":{"line":227,"column":56}},"90":{"start":{"line":231,"column":12},"end":{"line":231,"column":36}},"91":{"start":{"line":236,"column":2},"end":{"line":236,"column":40}},"92":{"start":{"line":239,"column":0},"end":{"line":241,"column":1}},"93":{"start":{"line":240,"column":2},"end":{"line":240,"column":39}},"94":{"start":{"line":243,"column":0},"end":{"line":267,"column":1}},"95":{"start":{"line":244,"column":2},"end":{"line":265,"column":6}},"96":{"start":{"line":247,"column":4},"end":{"line":247,"column":12}},"97":{"start":{"line":248,"column":4},"end":{"line":264,"column":23}},"98":{"start":{"line":249,"column":6},"end":{"line":263,"column":7}},"99":{"start":{"line":250,"column":8},"end":{"line":262,"column":9}},"100":{"start":{"line":252,"column":12},"end":{"line":252,"column":31}},"101":{"start":{"line":253,"column":12},"end":{"line":253,"column":99}},"102":{"start":{"line":256,"column":12},"end":{"line":256,"column":33}},"103":{"start":{"line":257,"column":12},"end":{"line":257,"column":56}},"104":{"start":{"line":261,"column":12},"end":{"line":261,"column":36}},"105":{"start":{"line":266,"column":2},"end":{"line":266,"column":39}}},"branchMap":{"1":{"line":43,"type":"switch","locations":[{"start":{"line":44,"column":10},"end":{"line":46,"column":89}},{"start":{"line":48,"column":10},"end":{"line":50,"column":55}},{"start":{"line":52,"column":10},"end":{"line":52,"column":17}},{"start":{"line":53,"column":10},"end":{"line":54,"column":35}}]},"2":{"line":82,"type":"switch","locations":[{"start":{"line":83,"column":10},"end":{"line":85,"column":104}},{"start":{"line":87,"column":10},"end":{"line":89,"column":56}},{"start":{"line":91,"column":10},"end":{"line":91,"column":17}},{"start":{"line":92,"column":10},"end":{"line":93,"column":36}}]},"3":{"line":124,"type":"switch","locations":[{"start":{"line":125,"column":10},"end":{"line":135,"column":132}},{"start":{"line":137,"column":10},"end":{"line":139,"column":57}},{"start":{"line":141,"column":10},"end":{"line":143,"column":115}},{"start":{"line":145,"column":10},"end":{"line":147,"column":56}},{"start":{"line":149,"column":10},"end":{"line":149,"column":18}},{"start":{"line":150,"column":10},"end":{"line":151,"column":36}}]},"4":{"line":126,"type":"cond-expr","locations":[{"start":{"line":126,"column":68},"end":{"line":126,"column":77}},{"start":{"line":126,"column":80},"end":{"line":126,"column":82}}]},"5":{"line":126,"type":"binary-expr","locations":[{"start":{"line":126,"column":21},"end":{"line":126,"column":38}},{"start":{"line":126,"column":42},"end":{"line":126,"column":65}}]},"6":{"line":127,"type":"cond-expr","locations":[{"start":{"line":127,"column":73},"end":{"line":127,"column":82}},{"start":{"line":127,"column":85},"end":{"line":127,"column":86}}]},"7":{"line":127,"type":"binary-expr","locations":[{"start":{"line":127,"column":26},"end":{"line":127,"column":43}},{"start":{"line":127,"column":47},"end":{"line":127,"column":70}}]},"8":{"line":129,"type":"if","locations":[{"start":{"line":129,"column":12},"end":{"line":129,"column":12}},{"start":{"line":129,"column":12},"end":{"line":129,"column":12}}]},"9":{"line":178,"type":"switch","locations":[{"start":{"line":179,"column":10},"end":{"line":181,"column":108}},{"start":{"line":183,"column":10},"end":{"line":185,"column":56}},{"start":{"line":187,"column":10},"end":{"line":187,"column":17}},{"start":{"line":188,"column":10},"end":{"line":189,"column":36}}]},"10":{"line":217,"type":"switch","locations":[{"start":{"line":218,"column":10},"end":{"line":223,"column":37}},{"start":{"line":225,"column":10},"end":{"line":227,"column":56}},{"start":{"line":229,"column":10},"end":{"line":229,"column":17}},{"start":{"line":230,"column":10},"end":{"line":231,"column":36}}]},"11":{"line":219,"type":"cond-expr","locations":[{"start":{"line":219,"column":66},"end":{"line":219,"column":75}},{"start":{"line":219,"column":78},"end":{"line":219,"column":87}}]},"12":{"line":219,"type":"binary-expr","locations":[{"start":{"line":219,"column":19},"end":{"line":219,"column":36}},{"start":{"line":219,"column":40},"end":{"line":219,"column":63}}]},"13":{"line":250,"type":"switch","locations":[{"start":{"line":251,"column":10},"end":{"line":253,"column":99}},{"start":{"line":255,"column":10},"end":{"line":257,"column":56}},{"start":{"line":259,"column":10},"end":{"line":259,"column":17}},{"start":{"line":260,"column":10},"end":{"line":261,"column":36}}]}}},"/home/deissh/work/satek/rfwrapper/lib/api/global.js":{"path":"/home/deissh/work/satek/rfwrapper/lib/api/global.js","s":{"1":1,"2":1,"3":1,"4":1,"5":1,"6":1,"7":1,"8":1,"9":1,"10":1,"11":1,"12":1,"13":1,"14":1,"15":1,"16":0,"17":1,"18":0,"19":0,"20":0,"21":0,"22":0,"23":0,"24":0,"25":0,"26":0,"27":0,"28":0,"29":1,"30":0,"31":1,"32":0,"33":0,"34":0,"35":0,"36":0,"37":0,"38":0,"39":0,"40":0,"41":0,"42":0,"43":1,"44":0,"45":1,"46":0,"47":0,"48":0,"49":0,"50":0,"51":0,"52":0,"53":0,"54":0,"55":0,"56":0,"57":1,"58":0,"59":1,"60":0,"61":0,"62":0,"63":0,"64":0,"65":0,"66":0,"67":0,"68":0,"69":0,"70":0,"71":1,"72":0,"73":1,"74":0,"75":0,"76":0,"77":0,"78":0,"79":0,"80":0,"81":0,"82":0,"83":0,"84":0,"85":1,"86":0,"87":1,"88":0,"89":0,"90":0,"91":0,"92":0,"93":0,"94":0,"95":0,"96":0,"97":0,"98":0,"99":1,"100":0,"101":1,"102":0,"103":0,"104":0,"105":0,"106":0,"107":0,"108":0,"109":0,"110":0,"111":0,"112":0,"113":0,"114":0,"115":0,"116":0,"117":0,"118":0,"119":0,"120":0,"121":1,"122":0,"123":1,"124":0,"125":0,"126":0,"127":0,"128":0,"129":0,"130":0,"131":0,"132":0,"133":0,"134":0,"135":1,"136":0,"137":1,"138":0,"139":0,"140":0,"141":0,"142":0,"143":0,"144":0,"145":0,"146":0,"147":0,"148":0,"149":0,"150":0,"151":0,"152":0},"b":{"1":[0,0,0,0],"2":[0,0,0,0],"3":[0,0,0,0],"4":[0,0,0,0],"5":[0,0,0,0],"6":[0,0,0,0],"7":[0,0,0,0,0,0],"8":[0,0],"9":[0,0],"10":[0,0],"11":[0,0,0,0],"12":[0,0,0,0]},"f":{"1":0,"2":0,"3":0,"4":0,"5":0,"6":0,"7":0,"8":0,"9":0,"10":0,"11":0,"12":0,"13":0,"14":0,"15":0,"16":0,"17":0,"18":0,"19":0,"20":0,"21":0,"22":0,"23":0,"24":0,"25":0,"26":0,"27":0,"28":0,"29":0,"30":0,"31":0,"32":0,"33":0,"34":0,"35":0,"36":0,"37":0,"38":0},"fnMap":{"1":{"name":"getMaps","line":29,"loc":{"start":{"line":29,"column":0},"end":{"line":29,"column":19}}},"2":{"name":"_getMaps","line":40,"loc":{"start":{"line":40,"column":0},"end":{"line":40,"column":20}}},"3":{"name":"_callee","line":43,"loc":{"start":{"line":43,"column":28},"end":{"line":43,"column":47}}},"4":{"name":"_callee$","line":45,"loc":{"start":{"line":45,"column":37},"end":{"line":45,"column":65}}},"5":{"name":"sendBatch","line":66,"loc":{"start":{"line":66,"column":0},"end":{"line":66,"column":23}}},"6":{"name":"_sendBatch","line":78,"loc":{"start":{"line":78,"column":0},"end":{"line":78,"column":22}}},"7":{"name":"_callee2","line":81,"loc":{"start":{"line":81,"column":28},"end":{"line":81,"column":52}}},"8":{"name":"_callee2$","line":83,"loc":{"start":{"line":83,"column":37},"end":{"line":83,"column":67}}},"9":{"name":"search","line":104,"loc":{"start":{"line":104,"column":0},"end":{"line":104,"column":26}}},"10":{"name":"_search","line":114,"loc":{"start":{"line":114,"column":0},"end":{"line":114,"column":19}}},"11":{"name":"_callee3","line":117,"loc":{"start":{"line":117,"column":28},"end":{"line":117,"column":59}}},"12":{"name":"_callee3$","line":119,"loc":{"start":{"line":119,"column":37},"end":{"line":119,"column":67}}},"13":{"name":"getSID","line":143,"loc":{"start":{"line":143,"column":0},"end":{"line":143,"column":18}}},"14":{"name":"_getSID","line":153,"loc":{"start":{"line":153,"column":0},"end":{"line":153,"column":19}}},"15":{"name":"_callee4","line":156,"loc":{"start":{"line":156,"column":28},"end":{"line":156,"column":48}}},"16":{"name":"_callee4$","line":158,"loc":{"start":{"line":158,"column":37},"end":{"line":158,"column":67}}},"17":{"name":"getKV","line":179,"loc":{"start":{"line":179,"column":0},"end":{"line":179,"column":17}}},"18":{"name":"_getKV","line":189,"loc":{"start":{"line":189,"column":0},"end":{"line":189,"column":18}}},"19":{"name":"_callee5","line":192,"loc":{"start":{"line":192,"column":28},"end":{"line":192,"column":48}}},"20":{"name":"_callee5$","line":194,"loc":{"start":{"line":194,"column":37},"end":{"line":194,"column":67}}},"21":{"name":"getVersion","line":215,"loc":{"start":{"line":215,"column":0},"end":{"line":215,"column":22}}},"22":{"name":"_getVersion","line":228,"loc":{"start":{"line":228,"column":0},"end":{"line":228,"column":23}}},"23":{"name":"_callee6","line":231,"loc":{"start":{"line":231,"column":28},"end":{"line":231,"column":48}}},"24":{"name":"_callee6$","line":233,"loc":{"start":{"line":233,"column":37},"end":{"line":233,"column":67}}},"25":{"name":"mapNotifLast","line":254,"loc":{"start":{"line":254,"column":0},"end":{"line":254,"column":32}}},"26":{"name":"_mapNotifLast","line":267,"loc":{"start":{"line":267,"column":0},"end":{"line":267,"column":25}}},"27":{"name":"_callee7","line":270,"loc":{"start":{"line":270,"column":28},"end":{"line":270,"column":64}}},"28":{"name":"_callee7$","line":276,"loc":{"start":{"line":276,"column":37},"end":{"line":276,"column":67}}},"29":{"name":"mapNotif","line":312,"loc":{"start":{"line":312,"column":0},"end":{"line":312,"column":38}}},"30":{"name":"_mapNotif","line":321,"loc":{"start":{"line":321,"column":0},"end":{"line":321,"column":21}}},"31":{"name":"_callee8","line":324,"loc":{"start":{"line":324,"column":28},"end":{"line":324,"column":74}}},"32":{"name":"_callee8$","line":326,"loc":{"start":{"line":326,"column":37},"end":{"line":326,"column":67}}},"33":{"name":"exceptions","line":347,"loc":{"start":{"line":347,"column":0},"end":{"line":347,"column":22}}},"34":{"name":"_exceptions","line":351,"loc":{"start":{"line":351,"column":0},"end":{"line":351,"column":23}}},"35":{"name":"_callee9","line":354,"loc":{"start":{"line":354,"column":28},"end":{"line":354,"column":48}}},"36":{"name":"_callee9$","line":356,"loc":{"start":{"line":356,"column":37},"end":{"line":356,"column":67}}},"37":{"name":"(anonymous_37)","line":366,"loc":{"start":{"line":366,"column":29},"end":{"line":366,"column":45}}},"38":{"name":"(anonymous_38)","line":368,"loc":{"start":{"line":368,"column":27},"end":{"line":368,"column":44}}}},"statementMap":{"1":{"start":{"line":3,"column":0},"end":{"line":3,"column":85}},"2":{"start":{"line":5,"column":0},"end":{"line":7,"column":3}},"3":{"start":{"line":8,"column":0},"end":{"line":8,"column":26}},"4":{"start":{"line":9,"column":0},"end":{"line":9,"column":30}},"5":{"start":{"line":10,"column":0},"end":{"line":10,"column":24}},"6":{"start":{"line":11,"column":0},"end":{"line":11,"column":24}},"7":{"start":{"line":12,"column":0},"end":{"line":12,"column":22}},"8":{"start":{"line":13,"column":0},"end":{"line":13,"column":32}},"9":{"start":{"line":14,"column":0},"end":{"line":14,"column":36}},"10":{"start":{"line":15,"column":0},"end":{"line":15,"column":28}},"11":{"start":{"line":16,"column":0},"end":{"line":16,"column":32}},"12":{"start":{"line":18,"column":0},"end":{"line":18,"column":81}},"13":{"start":{"line":20,"column":0},"end":{"line":20,"column":100}},"14":{"start":{"line":22,"column":0},"end":{"line":22,"column":54}},"15":{"start":{"line":29,"column":0},"end":{"line":31,"column":1}},"16":{"start":{"line":30,"column":2},"end":{"line":30,"column":41}},"17":{"start":{"line":40,"column":0},"end":{"line":64,"column":1}},"18":{"start":{"line":41,"column":2},"end":{"line":62,"column":6}},"19":{"start":{"line":44,"column":4},"end":{"line":44,"column":12}},"20":{"start":{"line":45,"column":4},"end":{"line":61,"column":22}},"21":{"start":{"line":46,"column":6},"end":{"line":60,"column":7}},"22":{"start":{"line":47,"column":8},"end":{"line":59,"column":9}},"23":{"start":{"line":49,"column":12},"end":{"line":49,"column":30}},"24":{"start":{"line":50,"column":12},"end":{"line":50,"column":73}},"25":{"start":{"line":53,"column":12},"end":{"line":53,"column":32}},"26":{"start":{"line":54,"column":12},"end":{"line":54,"column":55}},"27":{"start":{"line":58,"column":12},"end":{"line":58,"column":35}},"28":{"start":{"line":63,"column":2},"end":{"line":63,"column":41}},"29":{"start":{"line":66,"column":0},"end":{"line":68,"column":1}},"30":{"start":{"line":67,"column":2},"end":{"line":67,"column":43}},"31":{"start":{"line":78,"column":0},"end":{"line":102,"column":1}},"32":{"start":{"line":79,"column":2},"end":{"line":100,"column":6}},"33":{"start":{"line":82,"column":4},"end":{"line":82,"column":12}},"34":{"start":{"line":83,"column":4},"end":{"line":99,"column":23}},"35":{"start":{"line":84,"column":6},"end":{"line":98,"column":7}},"36":{"start":{"line":85,"column":8},"end":{"line":97,"column":9}},"37":{"start":{"line":87,"column":12},"end":{"line":87,"column":31}},"38":{"start":{"line":88,"column":12},"end":{"line":88,"column":80}},"39":{"start":{"line":91,"column":12},"end":{"line":91,"column":33}},"40":{"start":{"line":92,"column":12},"end":{"line":92,"column":56}},"41":{"start":{"line":96,"column":12},"end":{"line":96,"column":36}},"42":{"start":{"line":101,"column":2},"end":{"line":101,"column":43}},"43":{"start":{"line":104,"column":0},"end":{"line":106,"column":1}},"44":{"start":{"line":105,"column":2},"end":{"line":105,"column":40}},"45":{"start":{"line":114,"column":0},"end":{"line":141,"column":1}},"46":{"start":{"line":115,"column":2},"end":{"line":139,"column":6}},"47":{"start":{"line":118,"column":4},"end":{"line":118,"column":12}},"48":{"start":{"line":119,"column":4},"end":{"line":138,"column":23}},"49":{"start":{"line":120,"column":6},"end":{"line":137,"column":7}},"50":{"start":{"line":121,"column":8},"end":{"line":136,"column":9}},"51":{"start":{"line":123,"column":12},"end":{"line":123,"column":31}},"52":{"start":{"line":124,"column":12},"end":{"line":127,"column":36}},"53":{"start":{"line":130,"column":12},"end":{"line":130,"column":33}},"54":{"start":{"line":131,"column":12},"end":{"line":131,"column":56}},"55":{"start":{"line":135,"column":12},"end":{"line":135,"column":36}},"56":{"start":{"line":140,"column":2},"end":{"line":140,"column":40}},"57":{"start":{"line":143,"column":0},"end":{"line":145,"column":1}},"58":{"start":{"line":144,"column":2},"end":{"line":144,"column":40}},"59":{"start":{"line":153,"column":0},"end":{"line":177,"column":1}},"60":{"start":{"line":154,"column":2},"end":{"line":175,"column":6}},"61":{"start":{"line":157,"column":4},"end":{"line":157,"column":12}},"62":{"start":{"line":158,"column":4},"end":{"line":174,"column":23}},"63":{"start":{"line":159,"column":6},"end":{"line":173,"column":7}},"64":{"start":{"line":160,"column":8},"end":{"line":172,"column":9}},"65":{"start":{"line":162,"column":12},"end":{"line":162,"column":31}},"66":{"start":{"line":163,"column":12},"end":{"line":163,"column":79}},"67":{"start":{"line":166,"column":12},"end":{"line":166,"column":33}},"68":{"start":{"line":167,"column":12},"end":{"line":167,"column":56}},"69":{"start":{"line":171,"column":12},"end":{"line":171,"column":36}},"70":{"start":{"line":176,"column":2},"end":{"line":176,"column":40}},"71":{"start":{"line":179,"column":0},"end":{"line":181,"column":1}},"72":{"start":{"line":180,"column":2},"end":{"line":180,"column":39}},"73":{"start":{"line":189,"column":0},"end":{"line":213,"column":1}},"74":{"start":{"line":190,"column":2},"end":{"line":211,"column":6}},"75":{"start":{"line":193,"column":4},"end":{"line":193,"column":12}},"76":{"start":{"line":194,"column":4},"end":{"line":210,"column":23}},"77":{"start":{"line":195,"column":6},"end":{"line":209,"column":7}},"78":{"start":{"line":196,"column":8},"end":{"line":208,"column":9}},"79":{"start":{"line":198,"column":12},"end":{"line":198,"column":31}},"80":{"start":{"line":199,"column":12},"end":{"line":199,"column":78}},"81":{"start":{"line":202,"column":12},"end":{"line":202,"column":33}},"82":{"start":{"line":203,"column":12},"end":{"line":203,"column":56}},"83":{"start":{"line":207,"column":12},"end":{"line":207,"column":36}},"84":{"start":{"line":212,"column":2},"end":{"line":212,"column":39}},"85":{"start":{"line":215,"column":0},"end":{"line":217,"column":1}},"86":{"start":{"line":216,"column":2},"end":{"line":216,"column":44}},"87":{"start":{"line":228,"column":0},"end":{"line":252,"column":1}},"88":{"start":{"line":229,"column":2},"end":{"line":250,"column":6}},"89":{"start":{"line":232,"column":4},"end":{"line":232,"column":12}},"90":{"start":{"line":233,"column":4},"end":{"line":249,"column":23}},"91":{"start":{"line":234,"column":6},"end":{"line":248,"column":7}},"92":{"start":{"line":235,"column":8},"end":{"line":247,"column":9}},"93":{"start":{"line":237,"column":12},"end":{"line":237,"column":31}},"94":{"start":{"line":238,"column":12},"end":{"line":238,"column":77}},"95":{"start":{"line":241,"column":12},"end":{"line":241,"column":33}},"96":{"start":{"line":242,"column":12},"end":{"line":242,"column":56}},"97":{"start":{"line":246,"column":12},"end":{"line":246,"column":36}},"98":{"start":{"line":251,"column":2},"end":{"line":251,"column":44}},"99":{"start":{"line":254,"column":0},"end":{"line":256,"column":1}},"100":{"start":{"line":255,"column":2},"end":{"line":255,"column":46}},"101":{"start":{"line":267,"column":0},"end":{"line":310,"column":1}},"102":{"start":{"line":268,"column":2},"end":{"line":308,"column":6}},"103":{"start":{"line":271,"column":4},"end":{"line":274,"column":27}},"104":{"start":{"line":276,"column":4},"end":{"line":307,"column":23}},"105":{"start":{"line":277,"column":6},"end":{"line":306,"column":7}},"106":{"start":{"line":278,"column":8},"end":{"line":305,"column":9}},"107":{"start":{"line":280,"column":12},"end":{"line":280,"column":87}},"108":{"start":{"line":282,"column":12},"end":{"line":285,"column":13}},"109":{"start":{"line":283,"column":14},"end":{"line":283,"column":33}},"110":{"start":{"line":284,"column":14},"end":{"line":284,"column":20}},"111":{"start":{"line":287,"column":12},"end":{"line":287,"column":31}},"112":{"start":{"line":288,"column":12},"end":{"line":288,"column":161}},"113":{"start":{"line":291,"column":12},"end":{"line":291,"column":34}},"114":{"start":{"line":292,"column":12},"end":{"line":292,"column":57}},"115":{"start":{"line":295,"column":12},"end":{"line":295,"column":31}},"116":{"start":{"line":296,"column":12},"end":{"line":296,"column":124}},"117":{"start":{"line":299,"column":12},"end":{"line":299,"column":33}},"118":{"start":{"line":300,"column":12},"end":{"line":300,"column":56}},"119":{"start":{"line":304,"column":12},"end":{"line":304,"column":36}},"120":{"start":{"line":309,"column":2},"end":{"line":309,"column":46}},"121":{"start":{"line":312,"column":0},"end":{"line":314,"column":1}},"122":{"start":{"line":313,"column":2},"end":{"line":313,"column":42}},"123":{"start":{"line":321,"column":0},"end":{"line":345,"column":1}},"124":{"start":{"line":322,"column":2},"end":{"line":343,"column":6}},"125":{"start":{"line":325,"column":4},"end":{"line":325,"column":12}},"126":{"start":{"line":326,"column":4},"end":{"line":342,"column":23}},"127":{"start":{"line":327,"column":6},"end":{"line":341,"column":7}},"128":{"start":{"line":328,"column":8},"end":{"line":340,"column":9}},"129":{"start":{"line":330,"column":12},"end":{"line":330,"column":31}},"130":{"start":{"line":331,"column":12},"end":{"line":331,"column":167}},"131":{"start":{"line":334,"column":12},"end":{"line":334,"column":33}},"132":{"start":{"line":335,"column":12},"end":{"line":335,"column":56}},"133":{"start":{"line":339,"column":12},"end":{"line":339,"column":36}},"134":{"start":{"line":344,"column":2},"end":{"line":344,"column":42}},"135":{"start":{"line":347,"column":0},"end":{"line":349,"column":1}},"136":{"start":{"line":348,"column":2},"end":{"line":348,"column":44}},"137":{"start":{"line":351,"column":0},"end":{"line":383,"column":1}},"138":{"start":{"line":352,"column":2},"end":{"line":381,"column":6}},"139":{"start":{"line":355,"column":4},"end":{"line":355,"column":20}},"140":{"start":{"line":356,"column":4},"end":{"line":380,"column":23}},"141":{"start":{"line":357,"column":6},"end":{"line":379,"column":7}},"142":{"start":{"line":358,"column":8},"end":{"line":378,"column":9}},"143":{"start":{"line":360,"column":12},"end":{"line":360,"column":24}},"144":{"start":{"line":361,"column":12},"end":{"line":361,"column":31}},"145":{"start":{"line":362,"column":12},"end":{"line":362,"column":76}},"146":{"start":{"line":365,"column":12},"end":{"line":365,"column":33}},"147":{"start":{"line":366,"column":12},"end":{"line":372,"column":15}},"148":{"start":{"line":368,"column":14},"end":{"line":371,"column":17}},"149":{"start":{"line":370,"column":16},"end":{"line":370,"column":58}},"150":{"start":{"line":373,"column":12},"end":{"line":373,"column":54}},"151":{"start":{"line":377,"column":12},"end":{"line":377,"column":36}},"152":{"start":{"line":382,"column":2},"end":{"line":382,"column":44}}},"branchMap":{"1":{"line":47,"type":"switch","locations":[{"start":{"line":48,"column":10},"end":{"line":50,"column":73}},{"start":{"line":52,"column":10},"end":{"line":54,"column":55}},{"start":{"line":56,"column":10},"end":{"line":56,"column":17}},{"start":{"line":57,"column":10},"end":{"line":58,"column":35}}]},"2":{"line":85,"type":"switch","locations":[{"start":{"line":86,"column":10},"end":{"line":88,"column":80}},{"start":{"line":90,"column":10},"end":{"line":92,"column":56}},{"start":{"line":94,"column":10},"end":{"line":94,"column":17}},{"start":{"line":95,"column":10},"end":{"line":96,"column":36}}]},"3":{"line":121,"type":"switch","locations":[{"start":{"line":122,"column":10},"end":{"line":127,"column":36}},{"start":{"line":129,"column":10},"end":{"line":131,"column":56}},{"start":{"line":133,"column":10},"end":{"line":133,"column":17}},{"start":{"line":134,"column":10},"end":{"line":135,"column":36}}]},"4":{"line":160,"type":"switch","locations":[{"start":{"line":161,"column":10},"end":{"line":163,"column":79}},{"start":{"line":165,"column":10},"end":{"line":167,"column":56}},{"start":{"line":169,"column":10},"end":{"line":169,"column":17}},{"start":{"line":170,"column":10},"end":{"line":171,"column":36}}]},"5":{"line":196,"type":"switch","locations":[{"start":{"line":197,"column":10},"end":{"line":199,"column":78}},{"start":{"line":201,"column":10},"end":{"line":203,"column":56}},{"start":{"line":205,"column":10},"end":{"line":205,"column":17}},{"start":{"line":206,"column":10},"end":{"line":207,"column":36}}]},"6":{"line":235,"type":"switch","locations":[{"start":{"line":236,"column":10},"end":{"line":238,"column":77}},{"start":{"line":240,"column":10},"end":{"line":242,"column":56}},{"start":{"line":244,"column":10},"end":{"line":244,"column":17}},{"start":{"line":245,"column":10},"end":{"line":246,"column":36}}]},"7":{"line":278,"type":"switch","locations":[{"start":{"line":279,"column":10},"end":{"line":288,"column":161}},{"start":{"line":290,"column":10},"end":{"line":292,"column":57}},{"start":{"line":294,"column":10},"end":{"line":296,"column":124}},{"start":{"line":298,"column":10},"end":{"line":300,"column":56}},{"start":{"line":302,"column":10},"end":{"line":302,"column":18}},{"start":{"line":303,"column":10},"end":{"line":304,"column":36}}]},"8":{"line":280,"type":"cond-expr","locations":[{"start":{"line":280,"column":73},"end":{"line":280,"column":82}},{"start":{"line":280,"column":85},"end":{"line":280,"column":86}}]},"9":{"line":280,"type":"binary-expr","locations":[{"start":{"line":280,"column":26},"end":{"line":280,"column":43}},{"start":{"line":280,"column":47},"end":{"line":280,"column":70}}]},"10":{"line":282,"type":"if","locations":[{"start":{"line":282,"column":12},"end":{"line":282,"column":12}},{"start":{"line":282,"column":12},"end":{"line":282,"column":12}}]},"11":{"line":328,"type":"switch","locations":[{"start":{"line":329,"column":10},"end":{"line":331,"column":167}},{"start":{"line":333,"column":10},"end":{"line":335,"column":56}},{"start":{"line":337,"column":10},"end":{"line":337,"column":17}},{"start":{"line":338,"column":10},"end":{"line":339,"column":36}}]},"12":{"line":358,"type":"switch","locations":[{"start":{"line":359,"column":10},"end":{"line":362,"column":76}},{"start":{"line":364,"column":10},"end":{"line":373,"column":54}},{"start":{"line":375,"column":10},"end":{"line":375,"column":17}},{"start":{"line":376,"column":10},"end":{"line":377,"column":36}}]}}},"/home/deissh/work/satek/rfwrapper/lib/map/index.js":{"path":"/home/deissh/work/satek/rfwrapper/lib/map/index.js","s":{"1":1,"2":1,"3":1,"4":1,"5":1,"6":1,"7":1,"8":1,"9":1,"10":1,"11":1,"12":1,"13":0,"14":0,"15":0,"16":0,"17":0,"18":0,"19":0,"20":0,"21":0,"22":0,"23":0,"24":0,"25":0,"26":0,"27":0,"28":0,"29":0,"30":0,"31":0,"32":0,"33":0,"34":0,"35":0,"36":1,"37":1,"38":0,"39":0,"40":0,"41":0,"42":0,"43":0,"44":0,"45":0,"46":0,"47":0,"48":1,"49":0,"50":0,"51":0,"52":0,"53":0,"54":1,"55":0,"56":0,"57":0,"58":0,"59":0,"60":0,"61":0,"62":0,"63":1,"64":0,"65":1,"66":0,"67":0,"68":0,"69":0,"70":0,"71":0,"72":0,"73":0,"74":1,"75":0,"76":1,"77":0,"78":0,"79":0,"80":0,"81":0,"82":0,"83":0,"84":1,"85":0,"86":1,"87":0,"88":0,"89":0,"90":0,"91":0,"92":0,"93":1,"94":0,"95":1,"96":1},"b":{"1":[0,0,0,0],"2":[0,0],"3":[0,0],"4":[0,0],"5":[0,0],"6":[0,0,0,0],"7":[0,0,0,0],"8":[0,0,0,0],"9":[0,0,0]},"f":{"1":1,"2":0,"3":0,"4":1,"5":0,"6":0,"7":0,"8":0,"9":0,"10":1,"11":0,"12":0,"13":0,"14":1,"15":0,"16":0,"17":0,"18":1,"19":0,"20":0,"21":0,"22":1,"23":0,"24":0,"25":0},"fnMap":{"1":{"name":"(anonymous_1)","line":26,"loc":{"start":{"line":26,"column":0},"end":{"line":26,"column":12}}},"2":{"name":"_default","line":27,"loc":{"start":{"line":27,"column":2},"end":{"line":27,"column":37}}},"3":{"name":"(anonymous_3)","line":58,"loc":{"start":{"line":58,"column":45},"end":{"line":58,"column":61}}},"4":{"name":"(anonymous_4)","line":77,"loc":{"start":{"line":77,"column":11},"end":{"line":77,"column":23}}},"5":{"name":"_callee","line":80,"loc":{"start":{"line":80,"column":32},"end":{"line":80,"column":51}}},"6":{"name":"_callee$","line":84,"loc":{"start":{"line":84,"column":41},"end":{"line":84,"column":69}}},"7":{"name":"getNodes","line":104,"loc":{"start":{"line":104,"column":13},"end":{"line":104,"column":33}}},"8":{"name":"event","line":117,"loc":{"start":{"line":117,"column":11},"end":{"line":117,"column":35}}},"9":{"name":"use","line":133,"loc":{"start":{"line":133,"column":11},"end":{"line":133,"column":26}}},"10":{"name":"(anonymous_10)","line":144,"loc":{"start":{"line":144,"column":11},"end":{"line":144,"column":23}}},"11":{"name":"_callee2","line":147,"loc":{"start":{"line":147,"column":32},"end":{"line":147,"column":52}}},"12":{"name":"_callee2$","line":148,"loc":{"start":{"line":148,"column":41},"end":{"line":148,"column":71}}},"13":{"name":"start","line":167,"loc":{"start":{"line":167,"column":13},"end":{"line":167,"column":30}}},"14":{"name":"(anonymous_14)","line":179,"loc":{"start":{"line":179,"column":11},"end":{"line":179,"column":23}}},"15":{"name":"_callee3","line":182,"loc":{"start":{"line":182,"column":32},"end":{"line":182,"column":52}}},"16":{"name":"_callee3$","line":183,"loc":{"start":{"line":183,"column":41},"end":{"line":183,"column":71}}},"17":{"name":"stop","line":202,"loc":{"start":{"line":202,"column":13},"end":{"line":202,"column":29}}},"18":{"name":"(anonymous_18)","line":214,"loc":{"start":{"line":214,"column":11},"end":{"line":214,"column":23}}},"19":{"name":"_callee4","line":217,"loc":{"start":{"line":217,"column":32},"end":{"line":217,"column":52}}},"20":{"name":"_callee4$","line":218,"loc":{"start":{"line":218,"column":41},"end":{"line":218,"column":71}}},"21":{"name":"_initialize","line":236,"loc":{"start":{"line":236,"column":13},"end":{"line":236,"column":36}}},"22":{"name":"(anonymous_22)","line":247,"loc":{"start":{"line":247,"column":11},"end":{"line":247,"column":23}}},"23":{"name":"_callee5","line":250,"loc":{"start":{"line":250,"column":32},"end":{"line":250,"column":52}}},"24":{"name":"_callee5$","line":251,"loc":{"start":{"line":251,"column":41},"end":{"line":251,"column":71}}},"25":{"name":"loaded","line":266,"loc":{"start":{"line":266,"column":13},"end":{"line":266,"column":31}}}},"statementMap":{"1":{"start":{"line":3,"column":0},"end":{"line":3,"column":85}},"2":{"start":{"line":5,"column":0},"end":{"line":7,"column":3}},"3":{"start":{"line":8,"column":0},"end":{"line":8,"column":25}},"4":{"start":{"line":10,"column":0},"end":{"line":10,"column":81}},"5":{"start":{"line":12,"column":0},"end":{"line":12,"column":100}},"6":{"start":{"line":14,"column":0},"end":{"line":14,"column":94}},"7":{"start":{"line":16,"column":0},"end":{"line":16,"column":96}},"8":{"start":{"line":18,"column":0},"end":{"line":18,"column":90}},"9":{"start":{"line":20,"column":0},"end":{"line":20,"column":60}},"10":{"start":{"line":22,"column":0},"end":{"line":22,"column":33}},"11":{"start":{"line":24,"column":0},"end":{"line":272,"column":4}},"12":{"start":{"line":27,"column":2},"end":{"line":66,"column":3}},"13":{"start":{"line":28,"column":4},"end":{"line":28,"column":21}},"14":{"start":{"line":30,"column":4},"end":{"line":30,"column":50}},"15":{"start":{"line":32,"column":4},"end":{"line":32,"column":20}},"16":{"start":{"line":33,"column":4},"end":{"line":33,"column":27}},"17":{"start":{"line":34,"column":4},"end":{"line":34,"column":20}},"18":{"start":{"line":35,"column":4},"end":{"line":35,"column":25}},"19":{"start":{"line":36,"column":4},"end":{"line":36,"column":27}},"20":{"start":{"line":37,"column":4},"end":{"line":37,"column":21}},"21":{"start":{"line":38,"column":4},"end":{"line":38,"column":21}},"22":{"start":{"line":39,"column":4},"end":{"line":39,"column":24}},"23":{"start":{"line":40,"column":4},"end":{"line":40,"column":24}},"24":{"start":{"line":41,"column":4},"end":{"line":41,"column":19}},"25":{"start":{"line":42,"column":4},"end":{"line":50,"column":6}},"26":{"start":{"line":51,"column":4},"end":{"line":51,"column":30}},"27":{"start":{"line":52,"column":4},"end":{"line":52,"column":27}},"28":{"start":{"line":53,"column":4},"end":{"line":53,"column":23}},"29":{"start":{"line":54,"column":4},"end":{"line":54,"column":20}},"30":{"start":{"line":55,"column":4},"end":{"line":55,"column":21}},"31":{"start":{"line":56,"column":4},"end":{"line":56,"column":27}},"32":{"start":{"line":58,"column":4},"end":{"line":64,"column":7}},"33":{"start":{"line":59,"column":6},"end":{"line":61,"column":28}},"34":{"start":{"line":63,"column":6},"end":{"line":63,"column":44}},"35":{"start":{"line":65,"column":4},"end":{"line":65,"column":43}},"36":{"start":{"line":75,"column":2},"end":{"line":270,"column":6}},"37":{"start":{"line":78,"column":6},"end":{"line":102,"column":10}},"38":{"start":{"line":81,"column":8},"end":{"line":83,"column":30}},"39":{"start":{"line":84,"column":8},"end":{"line":101,"column":26}},"40":{"start":{"line":85,"column":10},"end":{"line":100,"column":11}},"41":{"start":{"line":86,"column":12},"end":{"line":99,"column":13}},"42":{"start":{"line":88,"column":16},"end":{"line":88,"column":105}},"43":{"start":{"line":89,"column":16},"end":{"line":89,"column":88}},"44":{"start":{"line":90,"column":16},"end":{"line":90,"column":34}},"45":{"start":{"line":91,"column":16},"end":{"line":91,"column":41}},"46":{"start":{"line":94,"column":16},"end":{"line":94,"column":95}},"47":{"start":{"line":98,"column":16},"end":{"line":98,"column":39}},"48":{"start":{"line":104,"column":6},"end":{"line":106,"column":8}},"49":{"start":{"line":105,"column":8},"end":{"line":105,"column":48}},"50":{"start":{"line":118,"column":6},"end":{"line":120,"column":7}},"51":{"start":{"line":119,"column":8},"end":{"line":119,"column":48}},"52":{"start":{"line":122,"column":6},"end":{"line":122,"column":61}},"53":{"start":{"line":134,"column":6},"end":{"line":134,"column":39}},"54":{"start":{"line":145,"column":6},"end":{"line":165,"column":10}},"55":{"start":{"line":148,"column":8},"end":{"line":164,"column":27}},"56":{"start":{"line":149,"column":10},"end":{"line":163,"column":11}},"57":{"start":{"line":150,"column":12},"end":{"line":162,"column":13}},"58":{"start":{"line":152,"column":16},"end":{"line":152,"column":35}},"59":{"start":{"line":153,"column":16},"end":{"line":153,"column":42}},"60":{"start":{"line":156,"column":16},"end":{"line":156,"column":38}},"61":{"start":{"line":157,"column":16},"end":{"line":157,"column":65}},"62":{"start":{"line":161,"column":16},"end":{"line":161,"column":40}},"63":{"start":{"line":167,"column":6},"end":{"line":169,"column":8}},"64":{"start":{"line":168,"column":8},"end":{"line":168,"column":45}},"65":{"start":{"line":180,"column":6},"end":{"line":200,"column":10}},"66":{"start":{"line":183,"column":8},"end":{"line":199,"column":27}},"67":{"start":{"line":184,"column":10},"end":{"line":198,"column":11}},"68":{"start":{"line":185,"column":12},"end":{"line":197,"column":13}},"69":{"start":{"line":187,"column":16},"end":{"line":187,"column":35}},"70":{"start":{"line":188,"column":16},"end":{"line":188,"column":42}},"71":{"start":{"line":191,"column":16},"end":{"line":191,"column":39}},"72":{"start":{"line":192,"column":16},"end":{"line":192,"column":56}},"73":{"start":{"line":196,"column":16},"end":{"line":196,"column":40}},"74":{"start":{"line":202,"column":6},"end":{"line":204,"column":8}},"75":{"start":{"line":203,"column":8},"end":{"line":203,"column":44}},"76":{"start":{"line":215,"column":6},"end":{"line":234,"column":10}},"77":{"start":{"line":218,"column":8},"end":{"line":233,"column":27}},"78":{"start":{"line":219,"column":10},"end":{"line":232,"column":11}},"79":{"start":{"line":220,"column":12},"end":{"line":231,"column":13}},"80":{"start":{"line":222,"column":16},"end":{"line":222,"column":35}},"81":{"start":{"line":223,"column":16},"end":{"line":223,"column":53}},"82":{"start":{"line":226,"column":16},"end":{"line":226,"column":44}},"83":{"start":{"line":230,"column":16},"end":{"line":230,"column":40}},"84":{"start":{"line":236,"column":6},"end":{"line":238,"column":8}},"85":{"start":{"line":237,"column":8},"end":{"line":237,"column":51}},"86":{"start":{"line":248,"column":6},"end":{"line":264,"column":10}},"87":{"start":{"line":251,"column":8},"end":{"line":263,"column":27}},"88":{"start":{"line":252,"column":10},"end":{"line":262,"column":11}},"89":{"start":{"line":253,"column":12},"end":{"line":261,"column":13}},"90":{"start":{"line":255,"column":16},"end":{"line":255,"column":35}},"91":{"start":{"line":256,"column":16},"end":{"line":256,"column":42}},"92":{"start":{"line":260,"column":16},"end":{"line":260,"column":40}},"93":{"start":{"line":266,"column":6},"end":{"line":268,"column":8}},"94":{"start":{"line":267,"column":8},"end":{"line":267,"column":46}},"95":{"start":{"line":271,"column":2},"end":{"line":271,"column":18}},"96":{"start":{"line":274,"column":0},"end":{"line":274,"column":27}}},"branchMap":{"1":{"line":86,"type":"switch","locations":[{"start":{"line":87,"column":14},"end":{"line":91,"column":41}},{"start":{"line":93,"column":14},"end":{"line":94,"column":95}},{"start":{"line":96,"column":14},"end":{"line":96,"column":21}},{"start":{"line":97,"column":14},"end":{"line":98,"column":39}}]},"2":{"line":88,"type":"cond-expr","locations":[{"start":{"line":88,"column":70},"end":{"line":88,"column":78}},{"start":{"line":88,"column":81},"end":{"line":88,"column":104}}]},"3":{"line":88,"type":"binary-expr","locations":[{"start":{"line":88,"column":25},"end":{"line":88,"column":41}},{"start":{"line":88,"column":45},"end":{"line":88,"column":67}}]},"4":{"line":89,"type":"cond-expr","locations":[{"start":{"line":89,"column":75},"end":{"line":89,"column":83}},{"start":{"line":89,"column":86},"end":{"line":89,"column":87}}]},"5":{"line":89,"type":"binary-expr","locations":[{"start":{"line":89,"column":30},"end":{"line":89,"column":46}},{"start":{"line":89,"column":50},"end":{"line":89,"column":72}}]},"6":{"line":150,"type":"switch","locations":[{"start":{"line":151,"column":14},"end":{"line":153,"column":42}},{"start":{"line":155,"column":14},"end":{"line":157,"column":65}},{"start":{"line":159,"column":14},"end":{"line":159,"column":21}},{"start":{"line":160,"column":14},"end":{"line":161,"column":40}}]},"7":{"line":185,"type":"switch","locations":[{"start":{"line":186,"column":14},"end":{"line":188,"column":42}},{"start":{"line":190,"column":14},"end":{"line":192,"column":56}},{"start":{"line":194,"column":14},"end":{"line":194,"column":21}},{"start":{"line":195,"column":14},"end":{"line":196,"column":40}}]},"8":{"line":220,"type":"switch","locations":[{"start":{"line":221,"column":14},"end":{"line":223,"column":53}},{"start":{"line":225,"column":14},"end":{"line":226,"column":44}},{"start":{"line":228,"column":14},"end":{"line":228,"column":21}},{"start":{"line":229,"column":14},"end":{"line":230,"column":40}}]},"9":{"line":253,"type":"switch","locations":[{"start":{"line":254,"column":14},"end":{"line":256,"column":42}},{"start":{"line":258,"column":14},"end":{"line":258,"column":21}},{"start":{"line":259,"column":14},"end":{"line":260,"column":40}}]}}},"/home/deissh/work/satek/rfwrapper/lib/map/methods/index.js":{"path":"/home/deissh/work/satek/rfwrapper/lib/map/methods/index.js","s":{"1":1,"2":1,"3":1,"4":1,"5":1,"6":1,"7":1,"8":1,"9":1,"10":1},"b":{},"f":{},"fnMap":{},"statementMap":{"1":{"start":{"line":3,"column":0},"end":{"line":3,"column":85}},"2":{"start":{"line":5,"column":0},"end":{"line":7,"column":3}},"3":{"start":{"line":8,"column":0},"end":{"line":8,"column":25}},"4":{"start":{"line":10,"column":0},"end":{"line":10,"column":56}},"5":{"start":{"line":12,"column":0},"end":{"line":12,"column":52}},"6":{"start":{"line":14,"column":0},"end":{"line":14,"column":54}},"7":{"start":{"line":16,"column":0},"end":{"line":16,"column":56}},"8":{"start":{"line":18,"column":0},"end":{"line":18,"column":62}},"9":{"start":{"line":20,"column":0},"end":{"line":26,"column":2}},"10":{"start":{"line":27,"column":0},"end":{"line":27,"column":27}}},"branchMap":{}},"/home/deissh/work/satek/rfwrapper/lib/map/methods/event.js":{"path":"/home/deissh/work/satek/rfwrapper/lib/map/methods/event.js","s":{"1":1,"2":1,"3":1,"4":0,"5":0,"6":0,"7":0,"8":0,"9":0,"10":0,"11":0,"12":0},"b":{},"f":{"1":0,"2":0,"3":0,"4":0},"fnMap":{"1":{"name":"_default","line":14,"loc":{"start":{"line":14,"column":0},"end":{"line":14,"column":27}}},"2":{"name":"(anonymous_2)","line":23,"loc":{"start":{"line":23,"column":22},"end":{"line":23,"column":37}}},"3":{"name":"fn","line":25,"loc":{"start":{"line":25,"column":10},"end":{"line":25,"column":27}}},"4":{"name":"(anonymous_4)","line":26,"loc":{"start":{"line":26,"column":24},"end":{"line":26,"column":36}}}},"statementMap":{"1":{"start":{"line":3,"column":0},"end":{"line":5,"column":3}},"2":{"start":{"line":6,"column":0},"end":{"line":6,"column":27}},"3":{"start":{"line":14,"column":0},"end":{"line":34,"column":1}},"4":{"start":{"line":15,"column":2},"end":{"line":15,"column":19}},"5":{"start":{"line":17,"column":2},"end":{"line":17,"column":37}},"6":{"start":{"line":19,"column":2},"end":{"line":21,"column":3}},"7":{"start":{"line":20,"column":4},"end":{"line":20,"column":44}},"8":{"start":{"line":23,"column":2},"end":{"line":32,"column":5}},"9":{"start":{"line":24,"column":4},"end":{"line":31,"column":7}},"10":{"start":{"line":26,"column":8},"end":{"line":28,"column":11}},"11":{"start":{"line":27,"column":10},"end":{"line":27,"column":39}},"12":{"start":{"line":33,"column":2},"end":{"line":33,"column":14}}},"branchMap":{}},"/home/deissh/work/satek/rfwrapper/lib/map/methods/use.js":{"path":"/home/deissh/work/satek/rfwrapper/lib/map/methods/use.js","s":{"1":1,"2":1,"3":1,"4":0,"5":0,"6":0,"7":0,"8":0,"9":0,"10":0,"11":0,"12":0},"b":{},"f":{"1":0,"2":0,"3":0,"4":0},"fnMap":{"1":{"name":"_default","line":13,"loc":{"start":{"line":13,"column":0},"end":{"line":13,"column":20}}},"2":{"name":"(anonymous_2)","line":22,"loc":{"start":{"line":22,"column":22},"end":{"line":22,"column":37}}},"3":{"name":"fn","line":24,"loc":{"start":{"line":24,"column":10},"end":{"line":24,"column":27}}},"4":{"name":"(anonymous_4)","line":25,"loc":{"start":{"line":25,"column":24},"end":{"line":25,"column":36}}}},"statementMap":{"1":{"start":{"line":3,"column":0},"end":{"line":5,"column":3}},"2":{"start":{"line":6,"column":0},"end":{"line":6,"column":27}},"3":{"start":{"line":13,"column":0},"end":{"line":32,"column":1}},"4":{"start":{"line":14,"column":2},"end":{"line":14,"column":19}},"5":{"start":{"line":16,"column":2},"end":{"line":16,"column":37}},"6":{"start":{"line":18,"column":2},"end":{"line":20,"column":3}},"7":{"start":{"line":19,"column":4},"end":{"line":19,"column":40}},"8":{"start":{"line":22,"column":2},"end":{"line":30,"column":5}},"9":{"start":{"line":23,"column":4},"end":{"line":29,"column":7}},"10":{"start":{"line":25,"column":8},"end":{"line":27,"column":11}},"11":{"start":{"line":26,"column":10},"end":{"line":26,"column":39}},"12":{"start":{"line":31,"column":2},"end":{"line":31,"column":14}}},"branchMap":{}},"/home/deissh/work/satek/rfwrapper/lib/map/methods/next.js":{"path":"/home/deissh/work/satek/rfwrapper/lib/map/methods/next.js","s":{"1":1,"2":1,"3":1,"4":0,"5":0,"6":0,"7":0,"8":0,"9":0,"10":0,"11":0},"b":{"1":[0,0],"2":[0,0],"3":[0,0],"4":[0,0],"5":[0,0],"6":[0,0]},"f":{"1":0},"fnMap":{"1":{"name":"_default","line":14,"loc":{"start":{"line":14,"column":0},"end":{"line":14,"column":23}}}},"statementMap":{"1":{"start":{"line":3,"column":0},"end":{"line":5,"column":3}},"2":{"start":{"line":6,"column":0},"end":{"line":6,"column":27}},"3":{"start":{"line":14,"column":0},"end":{"line":30,"column":1}},"4":{"start":{"line":15,"column":2},"end":{"line":15,"column":83}},"5":{"start":{"line":17,"column":2},"end":{"line":29,"column":3}},"6":{"start":{"line":18,"column":4},"end":{"line":20,"column":45}},"7":{"start":{"line":22,"column":4},"end":{"line":26,"column":5}},"8":{"start":{"line":23,"column":6},"end":{"line":23,"column":21}},"9":{"start":{"line":24,"column":11},"end":{"line":26,"column":5}},"10":{"start":{"line":25,"column":6},"end":{"line":25,"column":21}},"11":{"start":{"line":28,"column":4},"end":{"line":28,"column":36}}},"branchMap":{"1":{"line":15,"type":"cond-expr","locations":[{"start":{"line":15,"column":65},"end":{"line":15,"column":77}},{"start":{"line":15,"column":80},"end":{"line":15,"column":82}}]},"2":{"line":15,"type":"binary-expr","locations":[{"start":{"line":15,"column":12},"end":{"line":15,"column":32}},{"start":{"line":15,"column":36},"end":{"line":15,"column":62}}]},"3":{"line":17,"type":"if","locations":[{"start":{"line":17,"column":2},"end":{"line":17,"column":2}},{"start":{"line":17,"column":2},"end":{"line":17,"column":2}}]},"4":{"line":22,"type":"if","locations":[{"start":{"line":22,"column":4},"end":{"line":22,"column":4}},{"start":{"line":22,"column":4},"end":{"line":22,"column":4}}]},"5":{"line":22,"type":"binary-expr","locations":[{"start":{"line":22,"column":8},"end":{"line":22,"column":28}},{"start":{"line":22,"column":32},"end":{"line":22,"column":47}}]},"6":{"line":24,"type":"if","locations":[{"start":{"line":24,"column":11},"end":{"line":24,"column":11}},{"start":{"line":24,"column":11},"end":{"line":24,"column":11}}]}}},"/home/deissh/work/satek/rfwrapper/lib/map/methods/start.js":{"path":"/home/deissh/work/satek/rfwrapper/lib/map/methods/start.js","s":{"1":1,"2":1,"3":1,"4":1,"5":1,"6":1,"7":1,"8":1,"9":0,"10":1,"11":0,"12":0,"13":0,"14":0,"15":0,"16":0,"17":0,"18":0,"19":0,"20":0,"21":0,"22":0,"23":0,"24":0,"25":0,"26":0,"27":0,"28":0,"29":0,"30":0,"31":0,"32":0,"33":0,"34":0,"35":0,"36":0,"37":0,"38":0,"39":0,"40":0,"41":0,"42":0,"43":0,"44":0,"45":0,"46":0,"47":0,"48":0,"49":0,"50":0,"51":0,"52":0,"53":0,"54":0,"55":0,"56":0},"b":{"1":[0,0,0,0,0,0,0,0,0,0,0],"2":[0,0],"3":[0,0],"4":[0,0],"5":[0,0]},"f":{"1":0,"2":0,"3":0,"4":0,"5":0},"fnMap":{"1":{"name":"start","line":23,"loc":{"start":{"line":23,"column":0},"end":{"line":23,"column":17}}},"2":{"name":"_start","line":27,"loc":{"start":{"line":27,"column":0},"end":{"line":27,"column":18}}},"3":{"name":"_callee","line":30,"loc":{"start":{"line":30,"column":28},"end":{"line":30,"column":47}}},"4":{"name":"_callee$","line":34,"loc":{"start":{"line":34,"column":37},"end":{"line":34,"column":65}}},"5":{"name":"(anonymous_5)","line":76,"loc":{"start":{"line":76,"column":27},"end":{"line":76,"column":44}}}},"statementMap":{"1":{"start":{"line":3,"column":0},"end":{"line":3,"column":85}},"2":{"start":{"line":5,"column":0},"end":{"line":7,"column":3}},"3":{"start":{"line":8,"column":0},"end":{"line":8,"column":24}},"4":{"start":{"line":10,"column":0},"end":{"line":10,"column":81}},"5":{"start":{"line":12,"column":0},"end":{"line":12,"column":100}},"6":{"start":{"line":14,"column":0},"end":{"line":14,"column":61}},"7":{"start":{"line":16,"column":0},"end":{"line":16,"column":36}},"8":{"start":{"line":23,"column":0},"end":{"line":25,"column":1}},"9":{"start":{"line":24,"column":2},"end":{"line":24,"column":39}},"10":{"start":{"line":27,"column":0},"end":{"line":112,"column":1}},"11":{"start":{"line":28,"column":2},"end":{"line":110,"column":6}},"12":{"start":{"line":31,"column":4},"end":{"line":31,"column":21}},"13":{"start":{"line":33,"column":4},"end":{"line":33,"column":51}},"14":{"start":{"line":34,"column":4},"end":{"line":109,"column":33}},"15":{"start":{"line":35,"column":6},"end":{"line":108,"column":7}},"16":{"start":{"line":36,"column":8},"end":{"line":107,"column":9}},"17":{"start":{"line":38,"column":12},"end":{"line":38,"column":30}},"18":{"start":{"line":39,"column":12},"end":{"line":39,"column":43}},"19":{"start":{"line":42,"column":12},"end":{"line":42,"column":33}},"20":{"start":{"line":43,"column":12},"end":{"line":43,"column":40}},"21":{"start":{"line":46,"column":12},"end":{"line":49,"column":13}},"22":{"start":{"line":47,"column":14},"end":{"line":47,"column":33}},"23":{"start":{"line":48,"column":14},"end":{"line":48,"column":20}},"24":{"start":{"line":51,"column":12},"end":{"line":51,"column":30}},"25":{"start":{"line":52,"column":12},"end":{"line":52,"column":30}},"26":{"start":{"line":53,"column":12},"end":{"line":53,"column":87}},"27":{"start":{"line":56,"column":12},"end":{"line":56,"column":37}},"28":{"start":{"line":58,"column":12},"end":{"line":61,"column":13}},"29":{"start":{"line":59,"column":14},"end":{"line":59,"column":33}},"30":{"start":{"line":60,"column":14},"end":{"line":60,"column":20}},"31":{"start":{"line":63,"column":12},"end":{"line":63,"column":39}},"32":{"start":{"line":64,"column":12},"end":{"line":64,"column":39}},"33":{"start":{"line":65,"column":12},"end":{"line":65,"column":31}},"34":{"start":{"line":66,"column":12},"end":{"line":66,"column":18}},"35":{"start":{"line":69,"column":12},"end":{"line":69,"column":31}},"36":{"start":{"line":70,"column":12},"end":{"line":70,"column":101}},"37":{"start":{"line":73,"column":12},"end":{"line":73,"column":35}},"38":{"start":{"line":74,"column":12},"end":{"line":74,"column":39}},"39":{"start":{"line":75,"column":12},"end":{"line":75,"column":39}},"40":{"start":{"line":76,"column":12},"end":{"line":78,"column":15}},"41":{"start":{"line":77,"column":14},"end":{"line":77,"column":62}},"42":{"start":{"line":81,"column":12},"end":{"line":81,"column":31}},"43":{"start":{"line":82,"column":12},"end":{"line":82,"column":18}},"44":{"start":{"line":85,"column":12},"end":{"line":85,"column":31}},"45":{"start":{"line":86,"column":12},"end":{"line":86,"column":47}},"46":{"start":{"line":88,"column":12},"end":{"line":98,"column":13}},"47":{"start":{"line":90,"column":14},"end":{"line":94,"column":15}},"48":{"start":{"line":91,"column":16},"end":{"line":91,"column":81}},"49":{"start":{"line":92,"column":16},"end":{"line":92,"column":34}},"50":{"start":{"line":93,"column":16},"end":{"line":93,"column":39}},"51":{"start":{"line":96,"column":14},"end":{"line":96,"column":59}},"52":{"start":{"line":97,"column":14},"end":{"line":97,"column":37}},"53":{"start":{"line":101,"column":12},"end":{"line":101,"column":30}},"54":{"start":{"line":102,"column":12},"end":{"line":102,"column":18}},"55":{"start":{"line":106,"column":12},"end":{"line":106,"column":35}},"56":{"start":{"line":111,"column":2},"end":{"line":111,"column":39}}},"branchMap":{"1":{"line":36,"type":"switch","locations":[{"start":{"line":37,"column":10},"end":{"line":39,"column":43}},{"start":{"line":41,"column":10},"end":{"line":43,"column":40}},{"start":{"line":45,"column":10},"end":{"line":53,"column":87}},{"start":{"line":55,"column":10},"end":{"line":66,"column":18}},{"start":{"line":68,"column":10},"end":{"line":70,"column":101}},{"start":{"line":72,"column":10},"end":{"line":78,"column":15}},{"start":{"line":80,"column":10},"end":{"line":82,"column":18}},{"start":{"line":84,"column":10},"end":{"line":98,"column":13}},{"start":{"line":100,"column":10},"end":{"line":102,"column":18}},{"start":{"line":104,"column":10},"end":{"line":104,"column":18}},{"start":{"line":105,"column":10},"end":{"line":106,"column":35}}]},"2":{"line":46,"type":"if","locations":[{"start":{"line":46,"column":12},"end":{"line":46,"column":12}},{"start":{"line":46,"column":12},"end":{"line":46,"column":12}}]},"3":{"line":58,"type":"if","locations":[{"start":{"line":58,"column":12},"end":{"line":58,"column":12}},{"start":{"line":58,"column":12},"end":{"line":58,"column":12}}]},"4":{"line":88,"type":"if","locations":[{"start":{"line":88,"column":12},"end":{"line":88,"column":12}},{"start":{"line":88,"column":12},"end":{"line":88,"column":12}}]},"5":{"line":90,"type":"if","locations":[{"start":{"line":90,"column":14},"end":{"line":90,"column":14}},{"start":{"line":90,"column":14},"end":{"line":90,"column":14}}]}}},"/home/deissh/work/satek/rfwrapper/lib/map/methods/context.js":{"path":"/home/deissh/work/satek/rfwrapper/lib/map/methods/context.js","s":{"1":1,"2":1,"3":1,"4":1,"5":1,"6":0,"7":0,"8":0,"9":0,"10":0,"11":0,"12":1},"b":{},"f":{"1":0},"fnMap":{"1":{"name":"_default","line":19,"loc":{"start":{"line":19,"column":0},"end":{"line":19,"column":25}}}},"statementMap":{"1":{"start":{"line":3,"column":0},"end":{"line":3,"column":85}},"2":{"start":{"line":5,"column":0},"end":{"line":7,"column":3}},"3":{"start":{"line":8,"column":0},"end":{"line":8,"column":25}},"4":{"start":{"line":10,"column":0},"end":{"line":10,"column":96}},"5":{"start":{"line":15,"column":0},"end":{"line":27,"column":1}},"6":{"start":{"line":20,"column":2},"end":{"line":20,"column":48}},"7":{"start":{"line":21,"column":2},"end":{"line":21,"column":25}},"8":{"start":{"line":22,"column":2},"end":{"line":22,"column":25}},"9":{"start":{"line":23,"column":2},"end":{"line":23,"column":25}},"10":{"start":{"line":24,"column":2},"end":{"line":24,"column":35}},"11":{"start":{"line":25,"column":2},"end":{"line":25,"column":23}},"12":{"start":{"line":29,"column":0},"end":{"line":29,"column":27}}},"branchMap":{}},"/home/deissh/work/satek/rfwrapper/lib/map/methods/getNodes.js":{"path":"/home/deissh/work/satek/rfwrapper/lib/map/methods/getNodes.js","s":{"1":1,"2":1,"3":1,"4":1,"5":1,"6":1,"7":1,"8":0,"9":1,"10":0,"11":0,"12":0,"13":0,"14":0,"15":0,"16":0,"17":0,"18":0,"19":0},"b":{"1":[0,0,0,0]},"f":{"1":0,"2":0,"3":0,"4":0},"fnMap":{"1":{"name":"_default","line":22,"loc":{"start":{"line":22,"column":0},"end":{"line":22,"column":20}}},"2":{"name":"_ref","line":26,"loc":{"start":{"line":26,"column":0},"end":{"line":26,"column":16}}},"3":{"name":"_callee","line":29,"loc":{"start":{"line":29,"column":28},"end":{"line":29,"column":47}}},"4":{"name":"_callee$","line":30,"loc":{"start":{"line":30,"column":37},"end":{"line":30,"column":65}}}},"statementMap":{"1":{"start":{"line":3,"column":0},"end":{"line":3,"column":85}},"2":{"start":{"line":5,"column":0},"end":{"line":7,"column":3}},"3":{"start":{"line":8,"column":0},"end":{"line":8,"column":27}},"4":{"start":{"line":10,"column":0},"end":{"line":10,"column":81}},"5":{"start":{"line":12,"column":0},"end":{"line":12,"column":100}},"6":{"start":{"line":14,"column":0},"end":{"line":14,"column":36}},"7":{"start":{"line":22,"column":0},"end":{"line":24,"column":1}},"8":{"start":{"line":23,"column":2},"end":{"line":23,"column":37}},"9":{"start":{"line":26,"column":0},"end":{"line":49,"column":1}},"10":{"start":{"line":27,"column":2},"end":{"line":47,"column":6}},"11":{"start":{"line":30,"column":4},"end":{"line":46,"column":22}},"12":{"start":{"line":31,"column":6},"end":{"line":45,"column":7}},"13":{"start":{"line":32,"column":8},"end":{"line":44,"column":9}},"14":{"start":{"line":34,"column":12},"end":{"line":34,"column":30}},"15":{"start":{"line":35,"column":12},"end":{"line":35,"column":50}},"16":{"start":{"line":38,"column":12},"end":{"line":38,"column":40}},"17":{"start":{"line":39,"column":12},"end":{"line":39,"column":58}},"18":{"start":{"line":43,"column":12},"end":{"line":43,"column":35}},"19":{"start":{"line":48,"column":2},"end":{"line":48,"column":37}}},"branchMap":{"1":{"line":32,"type":"switch","locations":[{"start":{"line":33,"column":10},"end":{"line":35,"column":50}},{"start":{"line":37,"column":10},"end":{"line":39,"column":58}},{"start":{"line":41,"column":10},"end":{"line":41,"column":17}},{"start":{"line":42,"column":10},"end":{"line":43,"column":35}}]}}},"/home/deissh/work/satek/rfwrapper/lib/node/index.js":{"path":"/home/deissh/work/satek/rfwrapper/lib/node/index.js","s":{"1":1,"2":1,"3":1,"4":1,"5":1,"6":1,"7":1,"8":1,"9":1,"10":1,"11":1,"12":1,"13":1,"14":3,"15":3,"16":3,"17":0,"18":0,"19":0,"20":0,"21":0,"22":0,"23":0,"24":0,"25":0,"26":0,"27":0,"28":0,"29":0,"30":0,"31":0,"32":0,"33":1,"34":1,"35":0,"36":0,"37":0,"38":0,"39":0,"40":0,"41":0,"42":1,"43":0,"44":1,"45":0,"46":0,"47":0,"48":0,"49":0,"50":0,"51":0,"52":1,"53":0,"54":1,"55":1},"b":{"1":[3,0],"2":[3,1],"3":[0,0,0,0],"4":[0,0,0,0]},"f":{"1":1,"2":3,"3":0,"4":1,"5":0,"6":0,"7":0,"8":1,"9":0,"10":0,"11":0},"fnMap":{"1":{"name":"(anonymous_1)","line":28,"loc":{"start":{"line":28,"column":0},"end":{"line":28,"column":12}}},"2":{"name":"_default","line":29,"loc":{"start":{"line":29,"column":2},"end":{"line":29,"column":38}}},"3":{"name":"(anonymous_3)","line":87,"loc":{"start":{"line":87,"column":36},"end":{"line":87,"column":52}}},"4":{"name":"(anonymous_4)","line":105,"loc":{"start":{"line":105,"column":11},"end":{"line":105,"column":23}}},"5":{"name":"_callee","line":108,"loc":{"start":{"line":108,"column":32},"end":{"line":108,"column":51}}},"6":{"name":"_callee$","line":109,"loc":{"start":{"line":109,"column":41},"end":{"line":109,"column":69}}},"7":{"name":"json","line":127,"loc":{"start":{"line":127,"column":13},"end":{"line":127,"column":29}}},"8":{"name":"(anonymous_8)","line":139,"loc":{"start":{"line":139,"column":11},"end":{"line":139,"column":23}}},"9":{"name":"_callee2","line":142,"loc":{"start":{"line":142,"column":32},"end":{"line":142,"column":52}}},"10":{"name":"_callee2$","line":143,"loc":{"start":{"line":143,"column":41},"end":{"line":143,"column":71}}},"11":{"name":"_initialize","line":161,"loc":{"start":{"line":161,"column":13},"end":{"line":161,"column":36}}}},"statementMap":{"1":{"start":{"line":3,"column":0},"end":{"line":3,"column":87}},"2":{"start":{"line":5,"column":0},"end":{"line":5,"column":85}},"3":{"start":{"line":7,"column":0},"end":{"line":9,"column":3}},"4":{"start":{"line":10,"column":0},"end":{"line":10,"column":25}},"5":{"start":{"line":12,"column":0},"end":{"line":12,"column":81}},"6":{"start":{"line":14,"column":0},"end":{"line":14,"column":100}},"7":{"start":{"line":16,"column":0},"end":{"line":16,"column":94}},"8":{"start":{"line":18,"column":0},"end":{"line":18,"column":96}},"9":{"start":{"line":20,"column":0},"end":{"line":20,"column":90}},"10":{"start":{"line":22,"column":0},"end":{"line":22,"column":60}},"11":{"start":{"line":24,"column":0},"end":{"line":24,"column":33}},"12":{"start":{"line":26,"column":0},"end":{"line":167,"column":4}},"13":{"start":{"line":29,"column":2},"end":{"line":94,"column":3}},"14":{"start":{"line":30,"column":4},"end":{"line":30,"column":50}},"15":{"start":{"line":32,"column":4},"end":{"line":34,"column":5}},"16":{"start":{"line":33,"column":6},"end":{"line":33,"column":57}},"17":{"start":{"line":41,"column":4},"end":{"line":41,"column":21}},"18":{"start":{"line":42,"column":4},"end":{"line":42,"column":21}},"19":{"start":{"line":43,"column":4},"end":{"line":43,"column":21}},"20":{"start":{"line":44,"column":4},"end":{"line":44,"column":23}},"21":{"start":{"line":45,"column":4},"end":{"line":45,"column":21}},"22":{"start":{"line":46,"column":4},"end":{"line":46,"column":29}},"23":{"start":{"line":47,"column":4},"end":{"line":72,"column":6}},"24":{"start":{"line":73,"column":4},"end":{"line":73,"column":21}},"25":{"start":{"line":74,"column":4},"end":{"line":74,"column":22}},"26":{"start":{"line":75,"column":4},"end":{"line":75,"column":23}},"27":{"start":{"line":76,"column":4},"end":{"line":84,"column":6}},"28":{"start":{"line":85,"column":4},"end":{"line":85,"column":30}},"29":{"start":{"line":86,"column":4},"end":{"line":86,"column":20}},"30":{"start":{"line":87,"column":4},"end":{"line":92,"column":7}},"31":{"start":{"line":89,"column":6},"end":{"line":91,"column":28}},"32":{"start":{"line":93,"column":4},"end":{"line":93,"column":43}},"33":{"start":{"line":103,"column":2},"end":{"line":165,"column":6}},"34":{"start":{"line":106,"column":6},"end":{"line":125,"column":10}},"35":{"start":{"line":109,"column":8},"end":{"line":124,"column":26}},"36":{"start":{"line":110,"column":10},"end":{"line":123,"column":11}},"37":{"start":{"line":111,"column":12},"end":{"line":122,"column":13}},"38":{"start":{"line":113,"column":16},"end":{"line":113,"column":34}},"39":{"start":{"line":114,"column":16},"end":{"line":114,"column":41}},"40":{"start":{"line":117,"column":16},"end":{"line":117,"column":61}},"41":{"start":{"line":121,"column":16},"end":{"line":121,"column":39}},"42":{"start":{"line":127,"column":6},"end":{"line":129,"column":8}},"43":{"start":{"line":128,"column":8},"end":{"line":128,"column":44}},"44":{"start":{"line":140,"column":6},"end":{"line":159,"column":10}},"45":{"start":{"line":143,"column":8},"end":{"line":158,"column":27}},"46":{"start":{"line":144,"column":10},"end":{"line":157,"column":11}},"47":{"start":{"line":145,"column":12},"end":{"line":156,"column":13}},"48":{"start":{"line":147,"column":16},"end":{"line":147,"column":35}},"49":{"start":{"line":148,"column":16},"end":{"line":148,"column":54}},"50":{"start":{"line":151,"column":16},"end":{"line":151,"column":44}},"51":{"start":{"line":155,"column":16},"end":{"line":155,"column":40}},"52":{"start":{"line":161,"column":6},"end":{"line":163,"column":8}},"53":{"start":{"line":162,"column":8},"end":{"line":162,"column":51}},"54":{"start":{"line":166,"column":2},"end":{"line":166,"column":18}},"55":{"start":{"line":169,"column":0},"end":{"line":169,"column":27}}},"branchMap":{"1":{"line":32,"type":"if","locations":[{"start":{"line":32,"column":4},"end":{"line":32,"column":4}},{"start":{"line":32,"column":4},"end":{"line":32,"column":4}}]},"2":{"line":32,"type":"binary-expr","locations":[{"start":{"line":32,"column":8},"end":{"line":32,"column":14}},{"start":{"line":32,"column":18},"end":{"line":32,"column":26}}]},"3":{"line":111,"type":"switch","locations":[{"start":{"line":112,"column":14},"end":{"line":114,"column":41}},{"start":{"line":116,"column":14},"end":{"line":117,"column":61}},{"start":{"line":119,"column":14},"end":{"line":119,"column":21}},{"start":{"line":120,"column":14},"end":{"line":121,"column":39}}]},"4":{"line":145,"type":"switch","locations":[{"start":{"line":146,"column":14},"end":{"line":148,"column":54}},{"start":{"line":150,"column":14},"end":{"line":151,"column":44}},{"start":{"line":153,"column":14},"end":{"line":153,"column":21}},{"start":{"line":154,"column":14},"end":{"line":155,"column":40}}]}}},"/home/deissh/work/satek/rfwrapper/lib/node/methods.js":{"path":"/home/deissh/work/satek/rfwrapper/lib/node/methods.js","s":{"1":1,"2":1,"3":1,"4":1,"5":0},"b":{},"f":{"1":0},"fnMap":{"1":{"name":"loads","line":10,"loc":{"start":{"line":10,"column":0},"end":{"line":10,"column":17}}}},"statementMap":{"1":{"start":{"line":3,"column":0},"end":{"line":5,"column":3}},"2":{"start":{"line":6,"column":0},"end":{"line":6,"column":22}},"3":{"start":{"line":8,"column":0},"end":{"line":8,"column":33}},"4":{"start":{"line":10,"column":0},"end":{"line":13,"column":1}},"5":{"start":{"line":12,"column":4},"end":{"line":12,"column":13}}},"branchMap":{}}}