TN:
SF:/home/deissh/work/satek/rfwrapper/lib/index.js
FN:29,(anonymous_1)
FN:34,rfwrapper
FN:58,(anonymous_3)
FN:66,(anonymous_4)
FN:79,map
FN:84,node
FN:89,get
FNF:7
FNH:6
FNDA:1,(anonymous_1)
FNDA:6,rfwrapper
FNDA:8,(anonymous_3)
FNDA:36,(anonymous_4)
FNDA:0,map
FNDA:2,node
FNDA:1,get
DA:3,1
DA:5,1
DA:8,1
DA:10,1
DA:12,1
DA:14,1
DA:16,1
DA:18,1
DA:20,1
DA:22,1
DA:24,1
DA:25,1
DA:27,1
DA:34,1
DA:35,6
DA:37,6
DA:39,6
DA:40,4
DA:44,2
DA:45,2
DA:46,2
DA:58,2
DA:59,8
DA:63,8
DA:65,8
DA:66,8
DA:67,36
DA:71,36
DA:72,36
DA:77,1
DA:80,0
DA:85,2
DA:90,1
DA:93,1
DA:96,1
LF:35
LH:34
BRDA:39,1,0,4
BRDA:39,1,1,2
BRDA:39,2,0,6
BRDA:39,2,1,4
BRDA:52,3,0,2
BRDA:52,3,1,0
BRDA:55,4,0,2
BRDA:55,4,1,2
BRF:8
BRH:7
end_of_record
TN:
SF:/home/deissh/work/satek/rfwrapper/lib/api/index.js
FNF:0
FNH:0
DA:3,1
DA:5,1
DA:8,1
DA:10,1
DA:12,1
DA:14,1
DA:16,1
DA:19,1
DA:25,1
LF:9
LH:9
BRF:0
BRH:0
end_of_record
TN:
SF:/home/deissh/work/satek/rfwrapper/lib/api/user.js
FN:22,get
FN:26,_get
FN:29,_callee
FN:35,_callee$
FNF:4
FNH:0
FNDA:0,get
FNDA:0,_get
FNDA:0,_callee
FNDA:0,_callee$
DA:3,1
DA:5,1
DA:8,1
DA:10,1
DA:12,1
DA:14,1
DA:22,1
DA:23,0
DA:26,1
DA:27,0
DA:30,0
DA:35,0
DA:36,0
DA:37,0
DA:39,0
DA:41,0
DA:42,0
DA:43,0
DA:46,0
DA:47,0
DA:50,0
DA:51,0
DA:54,0
DA:55,0
DA:58,0
DA:59,0
DA:63,0
DA:68,0
LF:28
LH:8
BRDA:37,1,0,0
BRDA:37,1,1,0
BRDA:37,1,2,0
BRDA:37,1,3,0
BRDA:37,1,4,0
BRDA:37,1,5,0
BRDA:39,2,0,0
BRDA:39,2,1,0
BRDA:39,3,0,0
BRDA:39,3,1,0
BRDA:41,4,0,0
BRDA:41,4,1,0
BRF:12
BRH:0
end_of_record
TN:
SF:/home/deissh/work/satek/rfwrapper/lib/api/node.js
FN:25,get
FN:38,_get
FN:41,_callee
FN:43,_callee$
FN:64,create
FN:68,_create
FN:71,_callee2
FN:74,_callee2$
FNF:8
FNH:0
FNDA:0,get
FNDA:0,_get
FNDA:0,_callee
FNDA:0,_callee$
FNDA:0,create
FNDA:0,_create
FNDA:0,_callee2
FNDA:0,_callee2$
DA:3,1
DA:5,1
DA:8,1
DA:9,1
DA:11,1
DA:13,1
DA:15,1
DA:17,1
DA:25,1
DA:26,0
DA:38,1
DA:39,0
DA:42,0
DA:43,0
DA:44,0
DA:45,0
DA:47,0
DA:48,0
DA:51,0
DA:52,0
DA:56,0
DA:61,0
DA:64,1
DA:65,0
DA:68,1
DA:69,0
DA:72,0
DA:74,0
DA:75,0
DA:76,0
DA:78,0
DA:79,0
DA:80,0
DA:92,0
DA:93,0
DA:97,0
DA:102,0
LF:37
LH:12
BRDA:45,1,0,0
BRDA:45,1,1,0
BRDA:45,1,2,0
BRDA:45,1,3,0
BRDA:76,2,0,0
BRDA:76,2,1,0
BRDA:76,2,2,0
BRDA:76,2,3,0
BRDA:78,3,0,0
BRDA:78,3,1,0
BRDA:78,4,0,0
BRDA:78,4,1,0
BRF:12
BRH:0
end_of_record
TN:
SF:/home/deissh/work/satek/rfwrapper/lib/api/map.js
FN:26,get
FN:36,_get
FN:39,_callee
FN:41,_callee$
FN:62,getTypes
FN:75,_getTypes
FN:78,_callee2
FN:80,_callee2$
FN:101,getTree
FN:112,_getTree
FN:115,_callee3
FN:122,_callee3$
FN:159,requestAccess
FN:171,_requestAccess
FN:174,_callee4
FN:176,_callee4$
FN:197,create
FN:208,_create
FN:211,_callee5
FN:215,_callee5$
FN:239,users
FN:243,_users
FN:246,_callee6
FN:248,_callee6$
FNF:24
FNH:0
FNDA:0,get
FNDA:0,_get
FNDA:0,_callee
FNDA:0,_callee$
FNDA:0,getTypes
FNDA:0,_getTypes
FNDA:0,_callee2
FNDA:0,_callee2$
FNDA:0,getTree
FNDA:0,_getTree
FNDA:0,_callee3
FNDA:0,_callee3$
FNDA:0,requestAccess
FNDA:0,_requestAccess
FNDA:0,_callee4
FNDA:0,_callee4$
FNDA:0,create
FNDA:0,_create
FNDA:0,_callee5
FNDA:0,_callee5$
FNDA:0,users
FNDA:0,_users
FNDA:0,_callee6
FNDA:0,_callee6$
DA:3,1
DA:5,1
DA:8,1
DA:9,1
DA:10,1
DA:11,1
DA:12,1
DA:13,1
DA:15,1
DA:17,1
DA:19,1
DA:26,1
DA:27,0
DA:36,1
DA:37,0
DA:40,0
DA:41,0
DA:42,0
DA:43,0
DA:45,0
DA:46,0
DA:49,0
DA:50,0
DA:54,0
DA:59,0
DA:62,1
DA:63,0
DA:75,1
DA:76,0
DA:79,0
DA:80,0
DA:81,0
DA:82,0
DA:84,0
DA:85,0
DA:88,0
DA:89,0
DA:93,0
DA:98,0
DA:101,1
DA:102,0
DA:112,1
DA:113,0
DA:116,0
DA:122,0
DA:123,0
DA:124,0
DA:126,0
DA:127,0
DA:129,0
DA:130,0
DA:131,0
DA:134,0
DA:135,0
DA:138,0
DA:139,0
DA:142,0
DA:143,0
DA:146,0
DA:147,0
DA:151,0
DA:156,0
DA:159,1
DA:160,0
DA:171,1
DA:172,0
DA:175,0
DA:176,0
DA:177,0
DA:178,0
DA:180,0
DA:181,0
DA:184,0
DA:185,0
DA:189,0
DA:194,0
DA:197,1
DA:198,0
DA:208,1
DA:209,0
DA:212,0
DA:215,0
DA:216,0
DA:217,0
DA:219,0
DA:220,0
DA:221,0
DA:226,0
DA:227,0
DA:231,0
DA:236,0
DA:239,1
DA:240,0
DA:243,1
DA:244,0
DA:247,0
DA:248,0
DA:249,0
DA:250,0
DA:252,0
DA:253,0
DA:256,0
DA:257,0
DA:261,0
DA:266,0
LF:105
LH:23
BRDA:43,1,0,0
BRDA:43,1,1,0
BRDA:43,1,2,0
BRDA:43,1,3,0
BRDA:82,2,0,0
BRDA:82,2,1,0
BRDA:82,2,2,0
BRDA:82,2,3,0
BRDA:124,3,0,0
BRDA:124,3,1,0
BRDA:124,3,2,0
BRDA:124,3,3,0
BRDA:124,3,4,0
BRDA:124,3,5,0
BRDA:126,4,0,0
BRDA:126,4,1,0
BRDA:126,5,0,0
BRDA:126,5,1,0
BRDA:127,6,0,0
BRDA:127,6,1,0
BRDA:127,7,0,0
BRDA:127,7,1,0
BRDA:129,8,0,0
BRDA:129,8,1,0
BRDA:178,9,0,0
BRDA:178,9,1,0
BRDA:178,9,2,0
BRDA:178,9,3,0
BRDA:217,10,0,0
BRDA:217,10,1,0
BRDA:217,10,2,0
BRDA:217,10,3,0
BRDA:219,11,0,0
BRDA:219,11,1,0
BRDA:219,12,0,0
BRDA:219,12,1,0
BRDA:250,13,0,0
BRDA:250,13,1,0
BRDA:250,13,2,0
BRDA:250,13,3,0
BRF:40
BRH:0
end_of_record
TN:
SF:/home/deissh/work/satek/rfwrapper/lib/api/global.js
FN:29,getMaps
FN:40,_getMaps
FN:43,_callee
FN:45,_callee$
FN:66,sendBatch
FN:78,_sendBatch
FN:81,_callee2
FN:83,_callee2$
FN:104,search
FN:114,_search
FN:117,_callee3
FN:119,_callee3$
FN:143,getSID
FN:153,_getSID
FN:156,_callee4
FN:158,_callee4$
FN:179,getKV
FN:189,_getKV
FN:192,_callee5
FN:194,_callee5$
FN:215,getVersion
FN:228,_getVersion
FN:231,_callee6
FN:233,_callee6$
FN:254,mapNotifLast
FN:267,_mapNotifLast
FN:270,_callee7
FN:276,_callee7$
FN:312,mapNotif
FN:321,_mapNotif
FN:324,_callee8
FN:326,_callee8$
FN:347,exceptions
FN:351,_exceptions
FN:354,_callee9
FN:356,_callee9$
FN:366,(anonymous_37)
FN:368,(anonymous_38)
FNF:38
FNH:0
FNDA:0,getMaps
FNDA:0,_getMaps
FNDA:0,_callee
FNDA:0,_callee$
FNDA:0,sendBatch
FNDA:0,_sendBatch
FNDA:0,_callee2
FNDA:0,_callee2$
FNDA:0,search
FNDA:0,_search
FNDA:0,_callee3
FNDA:0,_callee3$
FNDA:0,getSID
FNDA:0,_getSID
FNDA:0,_callee4
FNDA:0,_callee4$
FNDA:0,getKV
FNDA:0,_getKV
FNDA:0,_callee5
FNDA:0,_callee5$
FNDA:0,getVersion
FNDA:0,_getVersion
FNDA:0,_callee6
FNDA:0,_callee6$
FNDA:0,mapNotifLast
FNDA:0,_mapNotifLast
FNDA:0,_callee7
FNDA:0,_callee7$
FNDA:0,mapNotif
FNDA:0,_mapNotif
FNDA:0,_callee8
FNDA:0,_callee8$
FNDA:0,exceptions
FNDA:0,_exceptions
FNDA:0,_callee9
FNDA:0,_callee9$
FNDA:0,(anonymous_37)
FNDA:0,(anonymous_38)
DA:3,1
DA:5,1
DA:8,1
DA:9,1
DA:10,1
DA:11,1
DA:12,1
DA:13,1
DA:14,1
DA:15,1
DA:16,1
DA:18,1
DA:20,1
DA:22,1
DA:29,1
DA:30,0
DA:40,1
DA:41,0
DA:44,0
DA:45,0
DA:46,0
DA:47,0
DA:49,0
DA:50,0
DA:53,0
DA:54,0
DA:58,0
DA:63,0
DA:66,1
DA:67,0
DA:78,1
DA:79,0
DA:82,0
DA:83,0
DA:84,0
DA:85,0
DA:87,0
DA:88,0
DA:91,0
DA:92,0
DA:96,0
DA:101,0
DA:104,1
DA:105,0
DA:114,1
DA:115,0
DA:118,0
DA:119,0
DA:120,0
DA:121,0
DA:123,0
DA:124,0
DA:130,0
DA:131,0
DA:135,0
DA:140,0
DA:143,1
DA:144,0
DA:153,1
DA:154,0
DA:157,0
DA:158,0
DA:159,0
DA:160,0
DA:162,0
DA:163,0
DA:166,0
DA:167,0
DA:171,0
DA:176,0
DA:179,1
DA:180,0
DA:189,1
DA:190,0
DA:193,0
DA:194,0
DA:195,0
DA:196,0
DA:198,0
DA:199,0
DA:202,0
DA:203,0
DA:207,0
DA:212,0
DA:215,1
DA:216,0
DA:228,1
DA:229,0
DA:232,0
DA:233,0
DA:234,0
DA:235,0
DA:237,0
DA:238,0
DA:241,0
DA:242,0
DA:246,0
DA:251,0
DA:254,1
DA:255,0
DA:267,1
DA:268,0
DA:271,0
DA:276,0
DA:277,0
DA:278,0
DA:280,0
DA:282,0
DA:283,0
DA:284,0
DA:287,0
DA:288,0
DA:291,0
DA:292,0
DA:295,0
DA:296,0
DA:299,0
DA:300,0
DA:304,0
DA:309,0
DA:312,1
DA:313,0
DA:321,1
DA:322,0
DA:325,0
DA:326,0
DA:327,0
DA:328,0
DA:330,0
DA:331,0
DA:334,0
DA:335,0
DA:339,0
DA:344,0
DA:347,1
DA:348,0
DA:351,1
DA:352,0
DA:355,0
DA:356,0
DA:357,0
DA:358,0
DA:360,0
DA:361,0
DA:362,0
DA:365,0
DA:366,0
DA:368,0
DA:370,0
DA:373,0
DA:377,0
DA:382,0
LF:152
LH:32
BRDA:47,1,0,0
BRDA:47,1,1,0
BRDA:47,1,2,0
BRDA:47,1,3,0
BRDA:85,2,0,0
BRDA:85,2,1,0
BRDA:85,2,2,0
BRDA:85,2,3,0
BRDA:121,3,0,0
BRDA:121,3,1,0
BRDA:121,3,2,0
BRDA:121,3,3,0
BRDA:160,4,0,0
BRDA:160,4,1,0
BRDA:160,4,2,0
BRDA:160,4,3,0
BRDA:196,5,0,0
BRDA:196,5,1,0
BRDA:196,5,2,0
BRDA:196,5,3,0
BRDA:235,6,0,0
BRDA:235,6,1,0
BRDA:235,6,2,0
BRDA:235,6,3,0
BRDA:278,7,0,0
BRDA:278,7,1,0
BRDA:278,7,2,0
BRDA:278,7,3,0
BRDA:278,7,4,0
BRDA:278,7,5,0
BRDA:280,8,0,0
BRDA:280,8,1,0
BRDA:280,9,0,0
BRDA:280,9,1,0
BRDA:282,10,0,0
BRDA:282,10,1,0
BRDA:328,11,0,0
BRDA:328,11,1,0
BRDA:328,11,2,0
BRDA:328,11,3,0
BRDA:358,12,0,0
BRDA:358,12,1,0
BRDA:358,12,2,0
BRDA:358,12,3,0
BRF:44
BRH:0
end_of_record
TN:
SF:/home/deissh/work/satek/rfwrapper/lib/map/index.js
FN:26,(anonymous_1)
FN:27,_default
FN:58,(anonymous_3)
FN:77,(anonymous_4)
FN:80,_callee
FN:84,_callee$
FN:104,getNodes
FN:117,event
FN:133,use
FN:144,(anonymous_10)
FN:147,_callee2
FN:148,_callee2$
FN:167,start
FN:179,(anonymous_14)
FN:182,_callee3
FN:183,_callee3$
FN:202,stop
FN:214,(anonymous_18)
FN:217,_callee4
FN:218,_callee4$
FN:236,_initialize
FN:247,(anonymous_22)
FN:250,_callee5
FN:251,_callee5$
FN:266,loaded
FNF:25
FNH:6
FNDA:1,(anonymous_1)
FNDA:0,_default
FNDA:0,(anonymous_3)
FNDA:1,(anonymous_4)
FNDA:0,_callee
FNDA:0,_callee$
FNDA:0,getNodes
FNDA:0,event
FNDA:0,use
FNDA:1,(anonymous_10)
FNDA:0,_callee2
FNDA:0,_callee2$
FNDA:0,start
FNDA:1,(anonymous_14)
FNDA:0,_callee3
FNDA:0,_callee3$
FNDA:0,stop
FNDA:1,(anonymous_18)
FNDA:0,_callee4
FNDA:0,_callee4$
FNDA:0,_initialize
FNDA:1,(anonymous_22)
FNDA:0,_callee5
FNDA:0,_callee5$
FNDA:0,loaded
DA:3,1
DA:5,1
DA:8,1
DA:10,1
DA:12,1
DA:14,1
DA:16,1
DA:18,1
DA:20,1
DA:22,1
DA:24,1
DA:27,1
DA:28,0
DA:30,0
DA:32,0
DA:33,0
DA:34,0
DA:35,0
DA:36,0
DA:37,0
DA:38,0
DA:39,0
DA:40,0
DA:41,0
DA:42,0
DA:51,0
DA:52,0
DA:53,0
DA:54,0
DA:55,0
DA:56,0
DA:58,0
DA:59,0
DA:63,0
DA:65,0
DA:75,1
DA:78,1
DA:81,0
DA:84,0
DA:85,0
DA:86,0
DA:88,0
DA:89,0
DA:90,0
DA:91,0
DA:94,0
DA:98,0
DA:104,1
DA:105,0
DA:118,0
DA:119,0
DA:122,0
DA:134,0
DA:145,1
DA:148,0
DA:149,0
DA:150,0
DA:152,0
DA:153,0
DA:156,0
DA:157,0
DA:161,0
DA:167,1
DA:168,0
DA:180,1
DA:183,0
DA:184,0
DA:185,0
DA:187,0
DA:188,0
DA:191,0
DA:192,0
DA:196,0
DA:202,1
DA:203,0
DA:215,1
DA:218,0
DA:219,0
DA:220,0
DA:222,0
DA:223,0
DA:226,0
DA:230,0
DA:236,1
DA:237,0
DA:248,1
DA:251,0
DA:252,0
DA:253,0
DA:255,0
DA:256,0
DA:260,0
DA:266,1
DA:267,0
DA:271,1
DA:274,1
LF:96
LH:25
BRDA:86,1,0,0
BRDA:86,1,1,0
BRDA:86,1,2,0
BRDA:86,1,3,0
BRDA:88,2,0,0
BRDA:88,2,1,0
BRDA:88,3,0,0
BRDA:88,3,1,0
BRDA:89,4,0,0
BRDA:89,4,1,0
BRDA:89,5,0,0
BRDA:89,5,1,0
BRDA:150,6,0,0
BRDA:150,6,1,0
BRDA:150,6,2,0
BRDA:150,6,3,0
BRDA:185,7,0,0
BRDA:185,7,1,0
BRDA:185,7,2,0
BRDA:185,7,3,0
BRDA:220,8,0,0
BRDA:220,8,1,0
BRDA:220,8,2,0
BRDA:220,8,3,0
BRDA:253,9,0,0
BRDA:253,9,1,0
BRDA:253,9,2,0
BRF:27
BRH:0
end_of_record
TN:
SF:/home/deissh/work/satek/rfwrapper/lib/map/methods/index.js
FNF:0
FNH:0
DA:3,1
DA:5,1
DA:8,1
DA:10,1
DA:12,1
DA:14,1
DA:16,1
DA:18,1
DA:20,1
DA:27,1
LF:10
LH:10
BRF:0
BRH:0
end_of_record
TN:
SF:/home/deissh/work/satek/rfwrapper/lib/map/methods/event.js
FN:14,_default
FN:23,(anonymous_2)
FN:25,fn
FN:26,(anonymous_4)
FNF:4
FNH:0
FNDA:0,_default
FNDA:0,(anonymous_2)
FNDA:0,fn
FNDA:0,(anonymous_4)
DA:3,1
DA:6,1
DA:14,1
DA:15,0
DA:17,0
DA:19,0
DA:20,0
DA:23,0
DA:24,0
DA:26,0
DA:27,0
DA:33,0
LF:12
LH:3
BRF:0
BRH:0
end_of_record
TN:
SF:/home/deissh/work/satek/rfwrapper/lib/map/methods/use.js
FN:13,_default
FN:22,(anonymous_2)
FN:24,fn
FN:25,(anonymous_4)
FNF:4
FNH:0
FNDA:0,_default
FNDA:0,(anonymous_2)
FNDA:0,fn
FNDA:0,(anonymous_4)
DA:3,1
DA:6,1
DA:13,1
DA:14,0
DA:16,0
DA:18,0
DA:19,0
DA:22,0
DA:23,0
DA:25,0
DA:26,0
DA:31,0
LF:12
LH:3
BRF:0
BRH:0
end_of_record
TN:
SF:/home/deissh/work/satek/rfwrapper/lib/map/methods/next.js
FN:14,_default
FNF:1
FNH:0
FNDA:0,_default
DA:3,1
DA:6,1
DA:14,1
DA:15,0
DA:17,0
DA:18,0
DA:22,0
DA:23,0
DA:24,0
DA:25,0
DA:28,0
LF:11
LH:3
BRDA:15,1,0,0
BRDA:15,1,1,0
BRDA:15,2,0,0
BRDA:15,2,1,0
BRDA:17,3,0,0
BRDA:17,3,1,0
BRDA:22,4,0,0
BRDA:22,4,1,0
BRDA:22,5,0,0
BRDA:22,5,1,0
BRDA:24,6,0,0
BRDA:24,6,1,0
BRF:12
BRH:0
end_of_record
TN:
SF:/home/deissh/work/satek/rfwrapper/lib/map/methods/start.js
FN:23,start
FN:27,_start
FN:30,_callee
FN:34,_callee$
FN:76,(anonymous_5)
FNF:5
FNH:0
FNDA:0,start
FNDA:0,_start
FNDA:0,_callee
FNDA:0,_callee$
FNDA:0,(anonymous_5)
DA:3,1
DA:5,1
DA:8,1
DA:10,1
DA:12,1
DA:14,1
DA:16,1
DA:23,1
DA:24,0
DA:27,1
DA:28,0
DA:31,0
DA:33,0
DA:34,0
DA:35,0
DA:36,0
DA:38,0
DA:39,0
DA:42,0
DA:43,0
DA:46,0
DA:47,0
DA:48,0
DA:51,0
DA:52,0
DA:53,0
DA:56,0
DA:58,0
DA:59,0
DA:60,0
DA:63,0
DA:64,0
DA:65,0
DA:66,0
DA:69,0
DA:70,0
DA:73,0
DA:74,0
DA:75,0
DA:76,0
DA:77,0
DA:81,0
DA:82,0
DA:85,0
DA:86,0
DA:88,0
DA:90,0
DA:91,0
DA:92,0
DA:93,0
DA:96,0
DA:97,0
DA:101,0
DA:102,0
DA:106,0
DA:111,0
LF:56
LH:9
BRDA:36,1,0,0
BRDA:36,1,1,0
BRDA:36,1,2,0
BRDA:36,1,3,0
BRDA:36,1,4,0
BRDA:36,1,5,0
BRDA:36,1,6,0
BRDA:36,1,7,0
BRDA:36,1,8,0
BRDA:36,1,9,0
BRDA:36,1,10,0
BRDA:46,2,0,0
BRDA:46,2,1,0
BRDA:58,3,0,0
BRDA:58,3,1,0
BRDA:88,4,0,0
BRDA:88,4,1,0
BRDA:90,5,0,0
BRDA:90,5,1,0
BRF:19
BRH:0
end_of_record
TN:
SF:/home/deissh/work/satek/rfwrapper/lib/map/methods/context.js
FN:19,_default
FNF:1
FNH:0
FNDA:0,_default
DA:3,1
DA:5,1
DA:8,1
DA:10,1
DA:15,1
DA:20,0
DA:21,0
DA:22,0
DA:23,0
DA:24,0
DA:25,0
DA:29,1
LF:12
LH:6
BRF:0
BRH:0
end_of_record
TN:
SF:/home/deissh/work/satek/rfwrapper/lib/map/methods/getNodes.js
FN:22,_default
FN:26,_ref
FN:29,_callee
FN:30,_callee$
FNF:4
FNH:0
FNDA:0,_default
FNDA:0,_ref
FNDA:0,_callee
FNDA:0,_callee$
DA:3,1
DA:5,1
DA:8,1
DA:10,1
DA:12,1
DA:14,1
DA:22,1
DA:23,0
DA:26,1
DA:27,0
DA:30,0
DA:31,0
DA:32,0
DA:34,0
DA:35,0
DA:38,0
DA:39,0
DA:43,0
DA:48,0
LF:19
LH:8
BRDA:32,1,0,0
BRDA:32,1,1,0
BRDA:32,1,2,0
BRDA:32,1,3,0
BRF:4
BRH:0
end_of_record
TN:
SF:/home/deissh/work/satek/rfwrapper/lib/node/index.js
FN:28,(anonymous_1)
FN:29,_default
FN:87,(anonymous_3)
FN:105,(anonymous_4)
FN:108,_callee
FN:109,_callee$
FN:127,json
FN:139,(anonymous_8)
FN:142,_callee2
FN:143,_callee2$
FN:161,_initialize
FNF:11
FNH:4
FNDA:1,(anonymous_1)
FNDA:2,_default
FNDA:0,(anonymous_3)
FNDA:1,(anonymous_4)
FNDA:0,_callee
FNDA:0,_callee$
FNDA:0,json
FNDA:1,(anonymous_8)
FNDA:0,_callee2
FNDA:0,_callee2$
FNDA:0,_initialize
DA:3,1
DA:5,1
DA:7,1
DA:10,1
DA:12,1
DA:14,1
DA:16,1
DA:18,1
DA:20,1
DA:22,1
DA:24,1
DA:26,1
DA:29,1
DA:30,2
DA:32,2
DA:33,2
DA:41,0
DA:42,0
DA:43,0
DA:44,0
DA:45,0
DA:46,0
DA:47,0
DA:73,0
DA:74,0
DA:75,0
DA:76,0
DA:85,0
DA:86,0
DA:87,0
DA:89,0
DA:93,0
DA:103,1
DA:106,1
DA:109,0
DA:110,0
DA:111,0
DA:113,0
DA:114,0
DA:117,0
DA:121,0
DA:127,1
DA:128,0
DA:140,1
DA:143,0
DA:144,0
DA:145,0
DA:147,0
DA:148,0
DA:151,0
DA:155,0
DA:161,1
DA:162,0
DA:166,1
DA:169,1
LF:55
LH:23
BRDA:32,1,0,2
BRDA:32,1,1,0
BRDA:32,2,0,2
BRDA:32,2,1,1
BRDA:111,3,0,0
BRDA:111,3,1,0
BRDA:111,3,2,0
BRDA:111,3,3,0
BRDA:145,4,0,0
BRDA:145,4,1,0
BRDA:145,4,2,0
BRDA:145,4,3,0
BRF:12
BRH:3
end_of_record
TN:
SF:/home/deissh/work/satek/rfwrapper/lib/node/methods.js
FN:10,loads
FNF:1
FNH:0
FNDA:0,loads
DA:3,1
DA:6,1
DA:8,1
DA:10,1
DA:12,0
LF:5
LH:4
BRF:0
BRH:0
end_of_record
